This file contains any messages produced by compilers while
running configure, to aid debugging if configure makes a mistake.

It was created by lnl configure 3.4.20, which was
generated by GNU Autoconf 2.69.  Invocation command line was

  $ ./configure 

## --------- ##
## Platform. ##
## --------- ##

hostname = localhost
uname -m = i686
uname -r = 3.2.0-4-686-pae
uname -s = Linux
uname -v = #1 SMP Debian 3.2.51-1

/usr/bin/uname -p = unknown
/bin/uname -X     = unknown

/bin/arch              = unknown
/usr/bin/arch -k       = unknown
/usr/convex/getsysinfo = unknown
/usr/bin/hostinfo      = unknown
/bin/machine           = unknown
/usr/bin/oslevel       = unknown
/bin/universe          = unknown

PATH: /sbin
PATH: /usr/sbin
PATH: /usr/local/sbin
PATH: /bin
PATH: /usr/bin
PATH: /usr/local/bin
PATH: /usr/bin/X11
PATH: /usr/games
PATH: /home/dud/sh
PATH: /home/dud/bin
PATH: /home/dud/perl
PATH: /usr/local/ws/bin
PATH: /usr/java/j2re1.4.2_05/bin
PATH: /home/dud/SUNWappserver/bin
PATH: /home/dud/SUNWappserver/jdk/bin
PATH: /opt/tcm/bin
PATH: /opt/rchart
PATH: /root/sh
PATH: /root/bin


## ----------- ##
## Core tests. ##
## ----------- ##

configure:2305: checking for a BSD-compatible install
configure:2373: result: /usr/bin/install -c
configure:2384: checking whether build environment is sane
configure:2434: result: yes
configure:2575: checking for a thread-safe mkdir -p
configure:2614: result: /bin/mkdir -p
configure:2627: checking for gawk
configure:2643: found /usr/bin/gawk
configure:2654: result: gawk
configure:2665: checking whether make sets $(MAKE)
configure:2687: result: yes
configure:2772: checking build system type
configure:2786: result: i686-pc-linux-gnu
configure:2806: checking host system type
configure:2819: result: i686-pc-linux-gnu
configure:2936: checking for gcc
configure:2952: found /usr/bin/gcc
configure:2963: result: gcc
configure:3192: checking for C compiler version
configure:3201: gcc --version >&5
gcc (Debian 4.7.2-5) 4.7.2
Copyright (C) 2012 Free Software Foundation, Inc.
This is free software; see the source for copying conditions.  There is NO
warranty; not even for MERCHANTABILITY or FITNESS FOR A PARTICULAR PURPOSE.

configure:3212: $? = 0
configure:3201: gcc -v >&5
Using built-in specs.
COLLECT_GCC=gcc
COLLECT_LTO_WRAPPER=/usr/lib/gcc/i486-linux-gnu/4.7/lto-wrapper
Target: i486-linux-gnu
Configured with: ../src/configure -v --with-pkgversion='Debian 4.7.2-5' --with-bugurl=file:///usr/share/doc/gcc-4.7/README.Bugs --enable-languages=c,c++,go,fortran,objc,obj-c++ --prefix=/usr --program-suffix=-4.7 --enable-shared --enable-linker-build-id --with-system-zlib --libexecdir=/usr/lib --without-included-gettext --enable-threads=posix --with-gxx-include-dir=/usr/include/c++/4.7 --libdir=/usr/lib --enable-nls --with-sysroot=/ --enable-clocale=gnu --enable-libstdcxx-debug --enable-libstdcxx-time=yes --enable-gnu-unique-object --enable-plugin --enable-objc-gc --enable-targets=all --with-arch-32=i586 --with-tune=generic --enable-checking=release --build=i486-linux-gnu --host=i486-linux-gnu --target=i486-linux-gnu
Thread model: posix
gcc version 4.7.2 (Debian 4.7.2-5) 
configure:3212: $? = 0
configure:3201: gcc -V >&5
gcc: error: unrecognized command line option '-V'
gcc: fatal error: no input files
compilation terminated.
configure:3212: $? = 4
configure:3201: gcc -qversion >&5
gcc: error: unrecognized command line option '-qversion'
gcc: fatal error: no input files
compilation terminated.
configure:3212: $? = 4
configure:3232: checking whether the C compiler works
configure:3254: gcc    conftest.c  >&5
configure:3258: $? = 0
configure:3306: result: yes
configure:3309: checking for C compiler default output file name
configure:3311: result: a.out
configure:3317: checking for suffix of executables
configure:3324: gcc -o conftest    conftest.c  >&5
configure:3328: $? = 0
configure:3350: result: 
configure:3372: checking whether we are cross compiling
configure:3380: gcc -o conftest    conftest.c  >&5
configure:3384: $? = 0
configure:3391: ./conftest
configure:3395: $? = 0
configure:3410: result: no
configure:3415: checking for suffix of object files
configure:3437: gcc -c   conftest.c >&5
configure:3441: $? = 0
configure:3462: result: o
configure:3466: checking whether we are using the GNU C compiler
configure:3485: gcc -c   conftest.c >&5
configure:3485: $? = 0
configure:3494: result: yes
configure:3503: checking whether gcc accepts -g
configure:3523: gcc -c -g  conftest.c >&5
configure:3523: $? = 0
configure:3564: result: yes
configure:3581: checking for gcc option to accept ISO C89
configure:3644: gcc  -c -g -O2  conftest.c >&5
configure:3644: $? = 0
configure:3657: result: none needed
configure:3688: checking for style of include used by make
configure:3716: result: GNU
configure:3742: checking dependency style of gcc
configure:3853: result: gcc3
configure:3926: checking for g++
configure:3942: found /usr/bin/g++
configure:3953: result: g++
configure:3980: checking for C++ compiler version
configure:3989: g++ --version >&5
g++ (Debian 4.7.2-5) 4.7.2
Copyright (C) 2012 Free Software Foundation, Inc.
This is free software; see the source for copying conditions.  There is NO
warranty; not even for MERCHANTABILITY or FITNESS FOR A PARTICULAR PURPOSE.

configure:4000: $? = 0
configure:3989: g++ -v >&5
Using built-in specs.
COLLECT_GCC=g++
COLLECT_LTO_WRAPPER=/usr/lib/gcc/i486-linux-gnu/4.7/lto-wrapper
Target: i486-linux-gnu
Configured with: ../src/configure -v --with-pkgversion='Debian 4.7.2-5' --with-bugurl=file:///usr/share/doc/gcc-4.7/README.Bugs --enable-languages=c,c++,go,fortran,objc,obj-c++ --prefix=/usr --program-suffix=-4.7 --enable-shared --enable-linker-build-id --with-system-zlib --libexecdir=/usr/lib --without-included-gettext --enable-threads=posix --with-gxx-include-dir=/usr/include/c++/4.7 --libdir=/usr/lib --enable-nls --with-sysroot=/ --enable-clocale=gnu --enable-libstdcxx-debug --enable-libstdcxx-time=yes --enable-gnu-unique-object --enable-plugin --enable-objc-gc --enable-targets=all --with-arch-32=i586 --with-tune=generic --enable-checking=release --build=i486-linux-gnu --host=i486-linux-gnu --target=i486-linux-gnu
Thread model: posix
gcc version 4.7.2 (Debian 4.7.2-5) 
configure:4000: $? = 0
configure:3989: g++ -V >&5
g++: error: unrecognized command line option '-V'
g++: fatal error: no input files
compilation terminated.
configure:4000: $? = 4
configure:3989: g++ -qversion >&5
g++: error: unrecognized command line option '-qversion'
g++: fatal error: no input files
compilation terminated.
configure:4000: $? = 4
configure:4004: checking whether we are using the GNU C++ compiler
configure:4023: g++ -c   conftest.cpp >&5
configure:4023: $? = 0
configure:4032: result: yes
configure:4041: checking whether g++ accepts -g
configure:4061: g++ -c -g  conftest.cpp >&5
configure:4061: $? = 0
configure:4102: result: yes
configure:4127: checking dependency style of g++
configure:4238: result: gcc3
configure:4253: checking whether ln -s works
configure:4257: result: yes
configure:4264: checking whether make sets $(MAKE)
configure:4286: result: yes
configure:4298: checking for initscr in -lcurses
configure:4323: gcc -o conftest -g -O2   conftest.c -lcurses   >&5
configure:4323: $? = 0
configure:4332: result: yes
configure:4343: checking for initscr in -lncurses
configure:4368: gcc -o conftest -g -O2   conftest.c -lncurses  -lcurses  >&5
configure:4368: $? = 0
configure:4377: result: yes
configure:4388: checking for initscr in -lncursesw
configure:4413: gcc -o conftest -g -O2   conftest.c -lncursesw  -lncurses -lcurses  >&5
configure:4413: $? = 0
configure:4422: result: yes
configure:4433: checking for tcgetattr in -ltermcap
configure:4458: gcc -o conftest -g -O2   conftest.c -ltermcap  -lncursesw -lncurses -lcurses  >&5
configure:4458: $? = 0
configure:4467: result: yes
configure:4478: checking for sin in -lm
configure:4503: gcc -o conftest -g -O2   conftest.c -lm  -ltermcap -lncursesw -lncurses -lcurses  >&5
conftest.c:22:6: warning: conflicting types for built-in function 'sin' [enabled by default]
configure:4503: $? = 0
configure:4512: result: yes
configure:4530: checking how to run the C preprocessor
configure:4561: gcc -E  conftest.c
configure:4561: $? = 0
configure:4575: gcc -E  conftest.c
conftest.c:16:28: fatal error: ac_nonexistent.h: No such file or directory
compilation terminated.
configure:4575: $? = 1
configure: failed program was:
| /* confdefs.h */
| #define PACKAGE_NAME "lnl"
| #define PACKAGE_TARNAME "lnl"
| #define PACKAGE_VERSION "3.4.20"
| #define PACKAGE_STRING "lnl 3.4.20"
| #define PACKAGE_BUGREPORT "bowkenken@users.sourceforge.jp"
| #define PACKAGE_URL ""
| #define PACKAGE "lnl"
| #define VERSION "3.4.20"
| #define HAVE_LIBCURSES 1
| #define HAVE_LIBNCURSES 1
| #define HAVE_LIBNCURSESW 1
| #define HAVE_LIBTERMCAP 1
| #define HAVE_LIBM 1
| /* end confdefs.h.  */
| #include <ac_nonexistent.h>
configure:4600: result: gcc -E
configure:4620: gcc -E  conftest.c
configure:4620: $? = 0
configure:4634: gcc -E  conftest.c
conftest.c:16:28: fatal error: ac_nonexistent.h: No such file or directory
compilation terminated.
configure:4634: $? = 1
configure: failed program was:
| /* confdefs.h */
| #define PACKAGE_NAME "lnl"
| #define PACKAGE_TARNAME "lnl"
| #define PACKAGE_VERSION "3.4.20"
| #define PACKAGE_STRING "lnl 3.4.20"
| #define PACKAGE_BUGREPORT "bowkenken@users.sourceforge.jp"
| #define PACKAGE_URL ""
| #define PACKAGE "lnl"
| #define VERSION "3.4.20"
| #define HAVE_LIBCURSES 1
| #define HAVE_LIBNCURSES 1
| #define HAVE_LIBNCURSESW 1
| #define HAVE_LIBTERMCAP 1
| #define HAVE_LIBM 1
| /* end confdefs.h.  */
| #include <ac_nonexistent.h>
configure:4663: checking for grep that handles long lines and -e
configure:4721: result: /bin/grep
configure:4726: checking for egrep
configure:4788: result: /bin/grep -E
configure:4793: checking for ANSI C header files
configure:4813: gcc -c -g -O2  conftest.c >&5
configure:4813: $? = 0
configure:4886: gcc -o conftest -g -O2   conftest.c -lm -ltermcap -lncursesw -lncurses -lcurses  >&5
configure:4886: $? = 0
configure:4886: ./conftest
configure:4886: $? = 0
configure:4897: result: yes
configure:4910: checking for sys/types.h
configure:4910: gcc -c -g -O2  conftest.c >&5
configure:4910: $? = 0
configure:4910: result: yes
configure:4910: checking for sys/stat.h
configure:4910: gcc -c -g -O2  conftest.c >&5
configure:4910: $? = 0
configure:4910: result: yes
configure:4910: checking for stdlib.h
configure:4910: gcc -c -g -O2  conftest.c >&5
configure:4910: $? = 0
configure:4910: result: yes
configure:4910: checking for string.h
configure:4910: gcc -c -g -O2  conftest.c >&5
configure:4910: $? = 0
configure:4910: result: yes
configure:4910: checking for memory.h
configure:4910: gcc -c -g -O2  conftest.c >&5
configure:4910: $? = 0
configure:4910: result: yes
configure:4910: checking for strings.h
configure:4910: gcc -c -g -O2  conftest.c >&5
configure:4910: $? = 0
configure:4910: result: yes
configure:4910: checking for inttypes.h
configure:4910: gcc -c -g -O2  conftest.c >&5
configure:4910: $? = 0
configure:4910: result: yes
configure:4910: checking for stdint.h
configure:4910: gcc -c -g -O2  conftest.c >&5
configure:4910: $? = 0
configure:4910: result: yes
configure:4910: checking for unistd.h
configure:4910: gcc -c -g -O2  conftest.c >&5
configure:4910: $? = 0
configure:4910: result: yes
configure:4924: checking locale.h usability
configure:4924: gcc -c -g -O2  conftest.c >&5
configure:4924: $? = 0
configure:4924: result: yes
configure:4924: checking locale.h presence
configure:4924: gcc -E  conftest.c
configure:4924: $? = 0
configure:4924: result: yes
configure:4924: checking for locale.h
configure:4924: result: yes
configure:4937: checking curses.h usability
configure:4937: gcc -c -g -O2  conftest.c >&5
configure:4937: $? = 0
configure:4937: result: yes
configure:4937: checking curses.h presence
configure:4937: gcc -E  conftest.c
configure:4937: $? = 0
configure:4937: result: yes
configure:4937: checking for curses.h
configure:4937: result: yes
configure:4937: checking ncurses.h usability
configure:4937: gcc -c -g -O2  conftest.c >&5
configure:4937: $? = 0
configure:4937: result: yes
configure:4937: checking ncurses.h presence
configure:4937: gcc -E  conftest.c
configure:4937: $? = 0
configure:4937: result: yes
configure:4937: checking for ncurses.h
configure:4937: result: yes
configure:4937: checking ncursesw.h usability
configure:4937: gcc -c -g -O2  conftest.c >&5
conftest.c:62:22: fatal error: ncursesw.h: No such file or directory
compilation terminated.
configure:4937: $? = 1
configure: failed program was:
| /* confdefs.h */
| #define PACKAGE_NAME "lnl"
| #define PACKAGE_TARNAME "lnl"
| #define PACKAGE_VERSION "3.4.20"
| #define PACKAGE_STRING "lnl 3.4.20"
| #define PACKAGE_BUGREPORT "bowkenken@users.sourceforge.jp"
| #define PACKAGE_URL ""
| #define PACKAGE "lnl"
| #define VERSION "3.4.20"
| #define HAVE_LIBCURSES 1
| #define HAVE_LIBNCURSES 1
| #define HAVE_LIBNCURSESW 1
| #define HAVE_LIBTERMCAP 1
| #define HAVE_LIBM 1
| #define STDC_HEADERS 1
| #define HAVE_SYS_TYPES_H 1
| #define HAVE_SYS_STAT_H 1
| #define HAVE_STDLIB_H 1
| #define HAVE_STRING_H 1
| #define HAVE_MEMORY_H 1
| #define HAVE_STRINGS_H 1
| #define HAVE_INTTYPES_H 1
| #define HAVE_STDINT_H 1
| #define HAVE_UNISTD_H 1
| #define HAVE_LOCALE_H 1
| #define HAVE_CURSES_H 1
| #define HAVE_NCURSES_H 1
| /* end confdefs.h.  */
| #include <stdio.h>
| #ifdef HAVE_SYS_TYPES_H
| # include <sys/types.h>
| #endif
| #ifdef HAVE_SYS_STAT_H
| # include <sys/stat.h>
| #endif
| #ifdef STDC_HEADERS
| # include <stdlib.h>
| # include <stddef.h>
| #else
| # ifdef HAVE_STDLIB_H
| #  include <stdlib.h>
| # endif
| #endif
| #ifdef HAVE_STRING_H
| # if !defined STDC_HEADERS && defined HAVE_MEMORY_H
| #  include <memory.h>
| # endif
| # include <string.h>
| #endif
| #ifdef HAVE_STRINGS_H
| # include <strings.h>
| #endif
| #ifdef HAVE_INTTYPES_H
| # include <inttypes.h>
| #endif
| #ifdef HAVE_STDINT_H
| # include <stdint.h>
| #endif
| #ifdef HAVE_UNISTD_H
| # include <unistd.h>
| #endif
| #include <ncursesw.h>
configure:4937: result: no
configure:4937: checking ncursesw.h presence
configure:4937: gcc -E  conftest.c
conftest.c:29:22: fatal error: ncursesw.h: No such file or directory
compilation terminated.
configure:4937: $? = 1
configure: failed program was:
| /* confdefs.h */
| #define PACKAGE_NAME "lnl"
| #define PACKAGE_TARNAME "lnl"
| #define PACKAGE_VERSION "3.4.20"
| #define PACKAGE_STRING "lnl 3.4.20"
| #define PACKAGE_BUGREPORT "bowkenken@users.sourceforge.jp"
| #define PACKAGE_URL ""
| #define PACKAGE "lnl"
| #define VERSION "3.4.20"
| #define HAVE_LIBCURSES 1
| #define HAVE_LIBNCURSES 1
| #define HAVE_LIBNCURSESW 1
| #define HAVE_LIBTERMCAP 1
| #define HAVE_LIBM 1
| #define STDC_HEADERS 1
| #define HAVE_SYS_TYPES_H 1
| #define HAVE_SYS_STAT_H 1
| #define HAVE_STDLIB_H 1
| #define HAVE_STRING_H 1
| #define HAVE_MEMORY_H 1
| #define HAVE_STRINGS_H 1
| #define HAVE_INTTYPES_H 1
| #define HAVE_STDINT_H 1
| #define HAVE_UNISTD_H 1
| #define HAVE_LOCALE_H 1
| #define HAVE_CURSES_H 1
| #define HAVE_NCURSES_H 1
| /* end confdefs.h.  */
| #include <ncursesw.h>
configure:4937: result: no
configure:4937: checking for ncursesw.h
configure:4937: result: no
configure:4950: checking for stdlib.h
configure:4950: result: yes
configure:4950: checking stddef.h usability
configure:4950: gcc -c -g -O2  conftest.c >&5
configure:4950: $? = 0
configure:4950: result: yes
configure:4950: checking stddef.h presence
configure:4950: gcc -E  conftest.c
configure:4950: $? = 0
configure:4950: result: yes
configure:4950: checking for stddef.h
configure:4950: result: yes
configure:4950: checking stdio.h usability
configure:4950: gcc -c -g -O2  conftest.c >&5
configure:4950: $? = 0
configure:4950: result: yes
configure:4950: checking stdio.h presence
configure:4950: gcc -E  conftest.c
configure:4950: $? = 0
configure:4950: result: yes
configure:4950: checking for stdio.h
configure:4950: result: yes
configure:4950: checking stdarg.h usability
configure:4950: gcc -c -g -O2  conftest.c >&5
configure:4950: $? = 0
configure:4950: result: yes
configure:4950: checking stdarg.h presence
configure:4950: gcc -E  conftest.c
configure:4950: $? = 0
configure:4950: result: yes
configure:4950: checking for stdarg.h
configure:4950: result: yes
configure:4963: checking limits.h usability
configure:4963: gcc -c -g -O2  conftest.c >&5
configure:4963: $? = 0
configure:4963: result: yes
configure:4963: checking limits.h presence
configure:4963: gcc -E  conftest.c
configure:4963: $? = 0
configure:4963: result: yes
configure:4963: checking for limits.h
configure:4963: result: yes
configure:4963: checking for string.h
configure:4963: result: yes
configure:4963: checking ctype.h usability
configure:4963: gcc -c -g -O2  conftest.c >&5
configure:4963: $? = 0
configure:4963: result: yes
configure:4963: checking ctype.h presence
configure:4963: gcc -E  conftest.c
configure:4963: $? = 0
configure:4963: result: yes
configure:4963: checking for ctype.h
configure:4963: result: yes
configure:4963: checking time.h usability
configure:4963: gcc -c -g -O2  conftest.c >&5
configure:4963: $? = 0
configure:4963: result: yes
configure:4963: checking time.h presence
configure:4963: gcc -E  conftest.c
configure:4963: $? = 0
configure:4963: result: yes
configure:4963: checking for time.h
configure:4963: result: yes
configure:4963: checking math.h usability
configure:4963: gcc -c -g -O2  conftest.c >&5
configure:4963: $? = 0
configure:4963: result: yes
configure:4963: checking math.h presence
configure:4963: gcc -E  conftest.c
configure:4963: $? = 0
configure:4963: result: yes
configure:4963: checking for math.h
configure:4963: result: yes
configure:4976: checking for sys/stat.h
configure:4976: result: yes
configure:4976: checking termio.h usability
configure:4976: gcc -c -g -O2  conftest.c >&5
configure:4976: $? = 0
configure:4976: result: yes
configure:4976: checking termio.h presence
configure:4976: gcc -E  conftest.c
configure:4976: $? = 0
configure:4976: result: yes
configure:4976: checking for termio.h
configure:4976: result: yes
configure:4976: checking termios.h usability
configure:4976: gcc -c -g -O2  conftest.c >&5
configure:4976: $? = 0
configure:4976: result: yes
configure:4976: checking termios.h presence
configure:4976: gcc -E  conftest.c
configure:4976: $? = 0
configure:4976: result: yes
configure:4976: checking for termios.h
configure:4976: result: yes
configure:4976: checking for unistd.h
configure:4976: result: yes
configure:4988: checking getopt.h usability
configure:4988: gcc -c -g -O2  conftest.c >&5
configure:4988: $? = 0
configure:4988: result: yes
configure:4988: checking getopt.h presence
configure:4988: gcc -E  conftest.c
configure:4988: $? = 0
configure:4988: result: yes
configure:4988: checking for getopt.h
configure:4988: result: yes
configure:5000: checking for an ANSI C-conforming const
configure:5066: gcc -c -g -O2  conftest.c >&5
configure:5066: $? = 0
configure:5073: result: yes
configure:5081: checking for mode_t
configure:5081: gcc -c -g -O2  conftest.c >&5
configure:5081: $? = 0
configure:5081: gcc -c -g -O2  conftest.c >&5
conftest.c: In function 'main':
conftest.c:79:21: error: expected expression before ')' token
configure:5081: $? = 1
configure: failed program was:
| /* confdefs.h */
| #define PACKAGE_NAME "lnl"
| #define PACKAGE_TARNAME "lnl"
| #define PACKAGE_VERSION "3.4.20"
| #define PACKAGE_STRING "lnl 3.4.20"
| #define PACKAGE_BUGREPORT "bowkenken@users.sourceforge.jp"
| #define PACKAGE_URL ""
| #define PACKAGE "lnl"
| #define VERSION "3.4.20"
| #define HAVE_LIBCURSES 1
| #define HAVE_LIBNCURSES 1
| #define HAVE_LIBNCURSESW 1
| #define HAVE_LIBTERMCAP 1
| #define HAVE_LIBM 1
| #define STDC_HEADERS 1
| #define HAVE_SYS_TYPES_H 1
| #define HAVE_SYS_STAT_H 1
| #define HAVE_STDLIB_H 1
| #define HAVE_STRING_H 1
| #define HAVE_MEMORY_H 1
| #define HAVE_STRINGS_H 1
| #define HAVE_INTTYPES_H 1
| #define HAVE_STDINT_H 1
| #define HAVE_UNISTD_H 1
| #define HAVE_LOCALE_H 1
| #define HAVE_CURSES_H 1
| #define HAVE_NCURSES_H 1
| #define HAVE_STDLIB_H 1
| #define HAVE_STDDEF_H 1
| #define HAVE_STDIO_H 1
| #define HAVE_STDARG_H 1
| #define HAVE_LIMITS_H 1
| #define HAVE_STRING_H 1
| #define HAVE_CTYPE_H 1
| #define HAVE_TIME_H 1
| #define HAVE_MATH_H 1
| #define HAVE_SYS_STAT_H 1
| #define HAVE_TERMIO_H 1
| #define HAVE_TERMIOS_H 1
| #define HAVE_UNISTD_H 1
| #define HAVE_GETOPT_H 1
| /* end confdefs.h.  */
| #include <stdio.h>
| #ifdef HAVE_SYS_TYPES_H
| # include <sys/types.h>
| #endif
| #ifdef HAVE_SYS_STAT_H
| # include <sys/stat.h>
| #endif
| #ifdef STDC_HEADERS
| # include <stdlib.h>
| # include <stddef.h>
| #else
| # ifdef HAVE_STDLIB_H
| #  include <stdlib.h>
| # endif
| #endif
| #ifdef HAVE_STRING_H
| # if !defined STDC_HEADERS && defined HAVE_MEMORY_H
| #  include <memory.h>
| # endif
| # include <string.h>
| #endif
| #ifdef HAVE_STRINGS_H
| # include <strings.h>
| #endif
| #ifdef HAVE_INTTYPES_H
| # include <inttypes.h>
| #endif
| #ifdef HAVE_STDINT_H
| # include <stdint.h>
| #endif
| #ifdef HAVE_UNISTD_H
| # include <unistd.h>
| #endif
| int
| main ()
| {
| if (sizeof ((mode_t)))
| 	    return 0;
|   ;
|   return 0;
| }
configure:5081: result: yes
configure:5092: checking for size_t
configure:5092: gcc -c -g -O2  conftest.c >&5
configure:5092: $? = 0
configure:5092: gcc -c -g -O2  conftest.c >&5
conftest.c: In function 'main':
conftest.c:79:21: error: expected expression before ')' token
configure:5092: $? = 1
configure: failed program was:
| /* confdefs.h */
| #define PACKAGE_NAME "lnl"
| #define PACKAGE_TARNAME "lnl"
| #define PACKAGE_VERSION "3.4.20"
| #define PACKAGE_STRING "lnl 3.4.20"
| #define PACKAGE_BUGREPORT "bowkenken@users.sourceforge.jp"
| #define PACKAGE_URL ""
| #define PACKAGE "lnl"
| #define VERSION "3.4.20"
| #define HAVE_LIBCURSES 1
| #define HAVE_LIBNCURSES 1
| #define HAVE_LIBNCURSESW 1
| #define HAVE_LIBTERMCAP 1
| #define HAVE_LIBM 1
| #define STDC_HEADERS 1
| #define HAVE_SYS_TYPES_H 1
| #define HAVE_SYS_STAT_H 1
| #define HAVE_STDLIB_H 1
| #define HAVE_STRING_H 1
| #define HAVE_MEMORY_H 1
| #define HAVE_STRINGS_H 1
| #define HAVE_INTTYPES_H 1
| #define HAVE_STDINT_H 1
| #define HAVE_UNISTD_H 1
| #define HAVE_LOCALE_H 1
| #define HAVE_CURSES_H 1
| #define HAVE_NCURSES_H 1
| #define HAVE_STDLIB_H 1
| #define HAVE_STDDEF_H 1
| #define HAVE_STDIO_H 1
| #define HAVE_STDARG_H 1
| #define HAVE_LIMITS_H 1
| #define HAVE_STRING_H 1
| #define HAVE_CTYPE_H 1
| #define HAVE_TIME_H 1
| #define HAVE_MATH_H 1
| #define HAVE_SYS_STAT_H 1
| #define HAVE_TERMIO_H 1
| #define HAVE_TERMIOS_H 1
| #define HAVE_UNISTD_H 1
| #define HAVE_GETOPT_H 1
| /* end confdefs.h.  */
| #include <stdio.h>
| #ifdef HAVE_SYS_TYPES_H
| # include <sys/types.h>
| #endif
| #ifdef HAVE_SYS_STAT_H
| # include <sys/stat.h>
| #endif
| #ifdef STDC_HEADERS
| # include <stdlib.h>
| # include <stddef.h>
| #else
| # ifdef HAVE_STDLIB_H
| #  include <stdlib.h>
| # endif
| #endif
| #ifdef HAVE_STRING_H
| # if !defined STDC_HEADERS && defined HAVE_MEMORY_H
| #  include <memory.h>
| # endif
| # include <string.h>
| #endif
| #ifdef HAVE_STRINGS_H
| # include <strings.h>
| #endif
| #ifdef HAVE_INTTYPES_H
| # include <inttypes.h>
| #endif
| #ifdef HAVE_STDINT_H
| # include <stdint.h>
| #endif
| #ifdef HAVE_UNISTD_H
| # include <unistd.h>
| #endif
| int
| main ()
| {
| if (sizeof ((size_t)))
| 	    return 0;
|   ;
|   return 0;
| }
configure:5092: result: yes
configure:5106: checking whether gcc needs -traditional
configure:5140: result: no
configure:5149: checking for vprintf
configure:5149: gcc -o conftest -g -O2   conftest.c -lm -ltermcap -lncursesw -lncurses -lcurses  >&5
conftest.c:66:6: warning: conflicting types for built-in function 'vprintf' [enabled by default]
configure:5149: $? = 0
configure:5149: result: yes
configure:5155: checking for _doprnt
configure:5155: gcc -o conftest -g -O2   conftest.c -lm -ltermcap -lncursesw -lncurses -lcurses  >&5
/tmp/ccpl2gs3.o: In function `main':
/home/dud/src/lnl/lnl/conftest.c:78: undefined reference to `_doprnt'
collect2: error: ld returned 1 exit status
configure:5155: $? = 1
configure: failed program was:
| /* confdefs.h */
| #define PACKAGE_NAME "lnl"
| #define PACKAGE_TARNAME "lnl"
| #define PACKAGE_VERSION "3.4.20"
| #define PACKAGE_STRING "lnl 3.4.20"
| #define PACKAGE_BUGREPORT "bowkenken@users.sourceforge.jp"
| #define PACKAGE_URL ""
| #define PACKAGE "lnl"
| #define VERSION "3.4.20"
| #define HAVE_LIBCURSES 1
| #define HAVE_LIBNCURSES 1
| #define HAVE_LIBNCURSESW 1
| #define HAVE_LIBTERMCAP 1
| #define HAVE_LIBM 1
| #define STDC_HEADERS 1
| #define HAVE_SYS_TYPES_H 1
| #define HAVE_SYS_STAT_H 1
| #define HAVE_STDLIB_H 1
| #define HAVE_STRING_H 1
| #define HAVE_MEMORY_H 1
| #define HAVE_STRINGS_H 1
| #define HAVE_INTTYPES_H 1
| #define HAVE_STDINT_H 1
| #define HAVE_UNISTD_H 1
| #define HAVE_LOCALE_H 1
| #define HAVE_CURSES_H 1
| #define HAVE_NCURSES_H 1
| #define HAVE_STDLIB_H 1
| #define HAVE_STDDEF_H 1
| #define HAVE_STDIO_H 1
| #define HAVE_STDARG_H 1
| #define HAVE_LIMITS_H 1
| #define HAVE_STRING_H 1
| #define HAVE_CTYPE_H 1
| #define HAVE_TIME_H 1
| #define HAVE_MATH_H 1
| #define HAVE_SYS_STAT_H 1
| #define HAVE_TERMIO_H 1
| #define HAVE_TERMIOS_H 1
| #define HAVE_UNISTD_H 1
| #define HAVE_GETOPT_H 1
| #define HAVE_VPRINTF 1
| /* end confdefs.h.  */
| /* Define _doprnt to an innocuous variant, in case <limits.h> declares _doprnt.
|    For example, HP-UX 11i <limits.h> declares gettimeofday.  */
| #define _doprnt innocuous__doprnt
| 
| /* System header to define __stub macros and hopefully few prototypes,
|     which can conflict with char _doprnt (); below.
|     Prefer <limits.h> to <assert.h> if __STDC__ is defined, since
|     <limits.h> exists even on freestanding compilers.  */
| 
| #ifdef __STDC__
| # include <limits.h>
| #else
| # include <assert.h>
| #endif
| 
| #undef _doprnt
| 
| /* Override any GCC internal prototype to avoid an error.
|    Use char because int might match the return type of a GCC
|    builtin and then its argument prototype would still apply.  */
| #ifdef __cplusplus
| extern "C"
| #endif
| char _doprnt ();
| /* The GNU C library defines this for functions which it implements
|     to always fail with ENOSYS.  Some functions are actually named
|     something starting with __ and the normal name is an alias.  */
| #if defined __stub__doprnt || defined __stub____doprnt
| choke me
| #endif
| 
| int
| main ()
| {
| return _doprnt ();
|   ;
|   return 0;
| }
configure:5155: result: no
configure:5169: checking for mkdir
configure:5169: gcc -o conftest -g -O2   conftest.c -lm -ltermcap -lncursesw -lncurses -lcurses  >&5
configure:5169: $? = 0
configure:5169: result: yes
configure:5169: checking for strchr
configure:5169: gcc -o conftest -g -O2   conftest.c -lm -ltermcap -lncursesw -lncurses -lcurses  >&5
conftest.c:68:6: warning: conflicting types for built-in function 'strchr' [enabled by default]
configure:5169: $? = 0
configure:5169: result: yes
configure:5169: checking for strrchr
configure:5169: gcc -o conftest -g -O2   conftest.c -lm -ltermcap -lncursesw -lncurses -lcurses  >&5
conftest.c:69:6: warning: conflicting types for built-in function 'strrchr' [enabled by default]
configure:5169: $? = 0
configure:5169: result: yes
configure:5169: checking for strspn
configure:5169: gcc -o conftest -g -O2   conftest.c -lm -ltermcap -lncursesw -lncurses -lcurses  >&5
conftest.c:70:6: warning: conflicting types for built-in function 'strspn' [enabled by default]
configure:5169: $? = 0
configure:5169: result: yes
configure:5169: checking for strstr
configure:5169: gcc -o conftest -g -O2   conftest.c -lm -ltermcap -lncursesw -lncurses -lcurses  >&5
conftest.c:71:6: warning: conflicting types for built-in function 'strstr' [enabled by default]
configure:5169: $? = 0
configure:5169: result: yes
configure:5169: checking for strtol
configure:5169: gcc -o conftest -g -O2   conftest.c -lm -ltermcap -lncursesw -lncurses -lcurses  >&5
configure:5169: $? = 0
configure:5169: result: yes
configure:5181: checking for getenv
configure:5181: gcc -o conftest -g -O2   conftest.c -lm -ltermcap -lncursesw -lncurses -lcurses  >&5
configure:5181: $? = 0
configure:5181: result: yes
configure:5181: checking for setenv
configure:5181: gcc -o conftest -g -O2   conftest.c -lm -ltermcap -lncursesw -lncurses -lcurses  >&5
configure:5181: $? = 0
configure:5181: result: yes
configure:5193: checking for sin
configure:5193: gcc -o conftest -g -O2   conftest.c -lm -ltermcap -lncursesw -lncurses -lcurses  >&5
conftest.c:75:6: warning: conflicting types for built-in function 'sin' [enabled by default]
configure:5193: $? = 0
configure:5193: result: yes
configure:5193: checking for cos
configure:5193: gcc -o conftest -g -O2   conftest.c -lm -ltermcap -lncursesw -lncurses -lcurses  >&5
conftest.c:76:6: warning: conflicting types for built-in function 'cos' [enabled by default]
configure:5193: $? = 0
configure:5193: result: yes
configure:5193: checking for tan
configure:5193: gcc -o conftest -g -O2   conftest.c -lm -ltermcap -lncursesw -lncurses -lcurses  >&5
conftest.c:77:6: warning: conflicting types for built-in function 'tan' [enabled by default]
configure:5193: $? = 0
configure:5193: result: yes
configure:5205: checking for getopt_long
configure:5205: gcc -o conftest -g -O2   conftest.c -lm -ltermcap -lncursesw -lncurses -lcurses  >&5
configure:5205: $? = 0
configure:5205: result: yes
configure:5205: checking for getopt
configure:5205: gcc -o conftest -g -O2   conftest.c -lm -ltermcap -lncursesw -lncurses -lcurses  >&5
configure:5205: $? = 0
configure:5205: result: yes
configure:5217: checking for sleep
configure:5217: gcc -o conftest -g -O2   conftest.c -lm -ltermcap -lncursesw -lncurses -lcurses  >&5
configure:5217: $? = 0
configure:5217: result: yes
configure:5217: checking for usleep
configure:5217: gcc -o conftest -g -O2   conftest.c -lm -ltermcap -lncursesw -lncurses -lcurses  >&5
configure:5217: $? = 0
configure:5217: result: yes
configure:5217: checking for nanosleep
configure:5217: gcc -o conftest -g -O2   conftest.c -lm -ltermcap -lncursesw -lncurses -lcurses  >&5
configure:5217: $? = 0
configure:5217: result: yes
configure:5229: checking for has_colors
configure:5229: gcc -o conftest -g -O2   conftest.c -lm -ltermcap -lncursesw -lncurses -lcurses  >&5
configure:5229: $? = 0
configure:5229: result: yes
configure:5229: checking for start_color
configure:5229: gcc -o conftest -g -O2   conftest.c -lm -ltermcap -lncursesw -lncurses -lcurses  >&5
configure:5229: $? = 0
configure:5229: result: yes
configure:5229: checking for init_pair
configure:5229: gcc -o conftest -g -O2   conftest.c -lm -ltermcap -lncursesw -lncurses -lcurses  >&5
configure:5229: $? = 0
configure:5229: result: yes
configure:5229: checking for keypad
configure:5229: gcc -o conftest -g -O2   conftest.c -lm -ltermcap -lncursesw -lncurses -lcurses  >&5
configure:5229: $? = 0
configure:5229: result: yes
configure:5241: checking for attrset
configure:5241: gcc -o conftest -g -O2   conftest.c -lm -ltermcap -lncursesw -lncurses -lcurses  >&5
configure:5241: $? = 0
configure:5241: result: yes
configure:5241: checking for attron
configure:5241: gcc -o conftest -g -O2   conftest.c -lm -ltermcap -lncursesw -lncurses -lcurses  >&5
configure:5241: $? = 0
configure:5241: result: yes
configure:5241: checking for attroff
configure:5241: gcc -o conftest -g -O2   conftest.c -lm -ltermcap -lncursesw -lncurses -lcurses  >&5
configure:5241: $? = 0
configure:5241: result: yes
configure:5241: checking for getnstr
configure:5241: gcc -o conftest -g -O2   conftest.c -lm -ltermcap -lncursesw -lncurses -lcurses  >&5
configure:5241: $? = 0
configure:5241: result: yes
configure:5401: creating ./config.status

## ---------------------- ##
## Running config.status. ##
## ---------------------- ##

This file was extended by lnl config.status 3.4.20, which was
generated by GNU Autoconf 2.69.  Invocation command line was

  CONFIG_FILES    = 
  CONFIG_HEADERS  = 
  CONFIG_LINKS    = 
  CONFIG_COMMANDS = 
  $ ./config.status 

on localhost

config.status:918: creating Makefile
config.status:918: creating man/Makefile
config.status:918: creating src/Makefile
config.status:918: creating src/config.h
config.status:1099: src/config.h is unchanged
config.status:1147: executing depfiles commands

## ---------------- ##
## Cache variables. ##
## ---------------- ##

ac_cv_build=i686-pc-linux-gnu
ac_cv_c_compiler_gnu=yes
ac_cv_c_const=yes
ac_cv_cxx_compiler_gnu=yes
ac_cv_env_CCC_set=
ac_cv_env_CCC_value=
ac_cv_env_CC_set=
ac_cv_env_CC_value=
ac_cv_env_CFLAGS_set=
ac_cv_env_CFLAGS_value=
ac_cv_env_CPPFLAGS_set=
ac_cv_env_CPPFLAGS_value=
ac_cv_env_CPP_set=
ac_cv_env_CPP_value=
ac_cv_env_CXXFLAGS_set=
ac_cv_env_CXXFLAGS_value=
ac_cv_env_CXX_set=
ac_cv_env_CXX_value=
ac_cv_env_LDFLAGS_set=
ac_cv_env_LDFLAGS_value=
ac_cv_env_LIBS_set=
ac_cv_env_LIBS_value=
ac_cv_env_build_alias_set=
ac_cv_env_build_alias_value=
ac_cv_env_host_alias_set=
ac_cv_env_host_alias_value=
ac_cv_env_target_alias_set=
ac_cv_env_target_alias_value=
ac_cv_func__doprnt=no
ac_cv_func_attroff=yes
ac_cv_func_attron=yes
ac_cv_func_attrset=yes
ac_cv_func_cos=yes
ac_cv_func_getenv=yes
ac_cv_func_getnstr=yes
ac_cv_func_getopt=yes
ac_cv_func_getopt_long=yes
ac_cv_func_has_colors=yes
ac_cv_func_init_pair=yes
ac_cv_func_keypad=yes
ac_cv_func_mkdir=yes
ac_cv_func_nanosleep=yes
ac_cv_func_setenv=yes
ac_cv_func_sin=yes
ac_cv_func_sleep=yes
ac_cv_func_start_color=yes
ac_cv_func_strchr=yes
ac_cv_func_strrchr=yes
ac_cv_func_strspn=yes
ac_cv_func_strstr=yes
ac_cv_func_strtol=yes
ac_cv_func_tan=yes
ac_cv_func_usleep=yes
ac_cv_func_vprintf=yes
ac_cv_header_ctype_h=yes
ac_cv_header_curses_h=yes
ac_cv_header_getopt_h=yes
ac_cv_header_inttypes_h=yes
ac_cv_header_limits_h=yes
ac_cv_header_locale_h=yes
ac_cv_header_math_h=yes
ac_cv_header_memory_h=yes
ac_cv_header_ncurses_h=yes
ac_cv_header_ncursesw_h=no
ac_cv_header_stdarg_h=yes
ac_cv_header_stdc=yes
ac_cv_header_stddef_h=yes
ac_cv_header_stdint_h=yes
ac_cv_header_stdio_h=yes
ac_cv_header_stdlib_h=yes
ac_cv_header_string_h=yes
ac_cv_header_strings_h=yes
ac_cv_header_sys_stat_h=yes
ac_cv_header_sys_types_h=yes
ac_cv_header_termio_h=yes
ac_cv_header_termios_h=yes
ac_cv_header_time_h=yes
ac_cv_header_unistd_h=yes
ac_cv_host=i686-pc-linux-gnu
ac_cv_lib_curses_initscr=yes
ac_cv_lib_m_sin=yes
ac_cv_lib_ncurses_initscr=yes
ac_cv_lib_ncursesw_initscr=yes
ac_cv_lib_termcap_tcgetattr=yes
ac_cv_objext=o
ac_cv_path_EGREP='/bin/grep -E'
ac_cv_path_GREP=/bin/grep
ac_cv_path_install='/usr/bin/install -c'
ac_cv_path_mkdir=/bin/mkdir
ac_cv_prog_AWK=gawk
ac_cv_prog_CPP='gcc -E'
ac_cv_prog_ac_ct_CC=gcc
ac_cv_prog_ac_ct_CXX=g++
ac_cv_prog_cc_c89=
ac_cv_prog_cc_g=yes
ac_cv_prog_cxx_g=yes
ac_cv_prog_gcc_traditional=no
ac_cv_prog_make_make_set=yes
ac_cv_type_mode_t=yes
ac_cv_type_size_t=yes
am_cv_CC_dependencies_compiler_type=gcc3
am_cv_CXX_dependencies_compiler_type=gcc3

## ----------------- ##
## Output variables. ##
## ----------------- ##

ACLOCAL='${SHELL} /home/dud/src/lnl/lnl/config/missing --run aclocal-1.11'
AMDEPBACKSLASH='\'
AMDEP_FALSE='#'
AMDEP_TRUE=''
AMTAR='$${TAR-tar}'
AUTOCONF='${SHELL} /home/dud/src/lnl/lnl/config/missing --run autoconf'
AUTOHEADER='${SHELL} /home/dud/src/lnl/lnl/config/missing --run autoheader'
AUTOMAKE='${SHELL} /home/dud/src/lnl/lnl/config/missing --run automake-1.11'
AWK='gawk'
CC='gcc'
CCDEPMODE='depmode=gcc3'
CFLAGS='-g -O2'
CHK_DEBUG_FALSE=''
CHK_DEBUG_TRUE='#'
CHK_DEF_CLK_TCK_FALSE='#'
CHK_DEF_CLK_TCK_TRUE=''
CHK_MAC_FALSE=''
CHK_MAC_TRUE='#'
CPP='gcc -E'
CPPFLAGS=''
CXX='g++'
CXXDEPMODE='depmode=gcc3'
CXXFLAGS='-g -O2'
CYGPATH_W='echo'
DEFS='-DHAVE_CONFIG_H'
DEPDIR='.deps'
ECHO_C=''
ECHO_N='-n'
ECHO_T=''
EGREP='/bin/grep -E'
EXEEXT=''
GREP='/bin/grep'
INSTALL_DATA='${INSTALL} -m 644'
INSTALL_PROGRAM='${INSTALL}'
INSTALL_SCRIPT='${INSTALL}'
INSTALL_STRIP_PROGRAM='$(install_sh) -c -s'
LDFLAGS=''
LIBOBJS=''
LIBS='-lm -ltermcap -lncursesw -lncurses -lcurses '
LN_S='ln -s'
LTLIBOBJS=''
MAKEINFO='${SHELL} /home/dud/src/lnl/lnl/config/missing --run makeinfo'
MKDIR_P='/bin/mkdir -p'
OBJEXT='o'
PACKAGE='lnl'
PACKAGE_BUGREPORT='bowkenken@users.sourceforge.jp'
PACKAGE_NAME='lnl'
PACKAGE_STRING='lnl 3.4.20'
PACKAGE_TARNAME='lnl'
PACKAGE_URL=''
PACKAGE_VERSION='3.4.20'
PATH_SEPARATOR=':'
SET_MAKE=''
SHELL='/bin/bash'
STRIP=''
VERSION='3.4.20'
ac_ct_CC='gcc'
ac_ct_CXX='g++'
am__EXEEXT_FALSE=''
am__EXEEXT_TRUE='#'
am__fastdepCC_FALSE='#'
am__fastdepCC_TRUE=''
am__fastdepCXX_FALSE='#'
am__fastdepCXX_TRUE=''
am__include='include'
am__isrc=''
am__leading_dot='.'
am__nodep='_no'
am__quote=''
am__tar='$${TAR-tar} chof - "$$tardir"'
am__untar='$${TAR-tar} xf -'
bindir='${exec_prefix}/bin'
build='i686-pc-linux-gnu'
build_alias=''
build_cpu='i686'
build_os='linux-gnu'
build_vendor='pc'
datadir='${datarootdir}'
datarootdir='${prefix}/share'
docdir='${datarootdir}/doc/${PACKAGE_TARNAME}'
dvidir='${docdir}'
exec_prefix='${prefix}'
host='i686-pc-linux-gnu'
host_alias=''
host_cpu='i686'
host_os='linux-gnu'
host_vendor='pc'
htmldir='${docdir}'
includedir='${prefix}/include'
infodir='${datarootdir}/info'
install_sh='${SHELL} /home/dud/src/lnl/lnl/config/install-sh'
libdir='${exec_prefix}/lib'
libexecdir='${exec_prefix}/libexec'
localedir='${datarootdir}/locale'
localstatedir='${prefix}/var'
mandir='${datarootdir}/man'
mkdir_p='/bin/mkdir -p'
oldincludedir='/usr/include'
pdfdir='${docdir}'
prefix='/usr/local'
program_transform_name='s,x,x,'
psdir='${docdir}'
sbindir='${exec_prefix}/sbin'
sharedstatedir='${prefix}/com'
sysconfdir='${prefix}/etc'
target_alias=''

## ----------- ##
## confdefs.h. ##
## ----------- ##

/* confdefs.h */
#define PACKAGE_NAME "lnl"
#define PACKAGE_TARNAME "lnl"
#define PACKAGE_VERSION "3.4.20"
#define PACKAGE_STRING "lnl 3.4.20"
#define PACKAGE_BUGREPORT "bowkenken@users.sourceforge.jp"
#define PACKAGE_URL ""
#define PACKAGE "lnl"
#define VERSION "3.4.20"
#define HAVE_LIBCURSES 1
#define HAVE_LIBNCURSES 1
#define HAVE_LIBNCURSESW 1
#define HAVE_LIBTERMCAP 1
#define HAVE_LIBM 1
#define STDC_HEADERS 1
#define HAVE_SYS_TYPES_H 1
#define HAVE_SYS_STAT_H 1
#define HAVE_STDLIB_H 1
#define HAVE_STRING_H 1
#define HAVE_MEMORY_H 1
#define HAVE_STRINGS_H 1
#define HAVE_INTTYPES_H 1
#define HAVE_STDINT_H 1
#define HAVE_UNISTD_H 1
#define HAVE_LOCALE_H 1
#define HAVE_CURSES_H 1
#define HAVE_NCURSES_H 1
#define HAVE_STDLIB_H 1
#define HAVE_STDDEF_H 1
#define HAVE_STDIO_H 1
#define HAVE_STDARG_H 1
#define HAVE_LIMITS_H 1
#define HAVE_STRING_H 1
#define HAVE_CTYPE_H 1
#define HAVE_TIME_H 1
#define HAVE_MATH_H 1
#define HAVE_SYS_STAT_H 1
#define HAVE_TERMIO_H 1
#define HAVE_TERMIOS_H 1
#define HAVE_UNISTD_H 1
#define HAVE_GETOPT_H 1
#define HAVE_VPRINTF 1
#define HAVE_MKDIR 1
#define HAVE_STRCHR 1
#define HAVE_STRRCHR 1
#define HAVE_STRSPN 1
#define HAVE_STRSTR 1
#define HAVE_STRTOL 1
#define HAVE_GETENV 1
#define HAVE_SETENV 1
#define HAVE_SIN 1
#define HAVE_COS 1
#define HAVE_TAN 1
#define HAVE_GETOPT_LONG 1
#define HAVE_GETOPT 1
#define HAVE_SLEEP 1
#define HAVE_USLEEP 1
#define HAVE_NANOSLEEP 1
#define HAVE_HAS_COLORS 1
#define HAVE_START_COLOR 1
#define HAVE_INIT_PAIR 1
#define HAVE_KEYPAD 1
#define HAVE_ATTRSET 1
#define HAVE_ATTRON 1
#define HAVE_ATTROFF 1
#define HAVE_GETNSTR 1

configure: exit 0

## ---------------------- ##
## Running config.status. ##
## ---------------------- ##

This file was extended by lnl config.status 3.4.20, which was
generated by GNU Autoconf 2.69.  Invocation command line was

  CONFIG_FILES    = 
  CONFIG_HEADERS  = 
  CONFIG_LINKS    = 
  CONFIG_COMMANDS = 
  $ ./config.status Makefile

on localhost

config.status:918: creating Makefile

## ---------------------- ##
## Running config.status. ##
## ---------------------- ##

This file was extended by lnl config.status 3.4.20, which was
generated by GNU Autoconf 2.69.  Invocation command line was

  CONFIG_FILES    = 
  CONFIG_HEADERS  = 
  CONFIG_LINKS    = 
  CONFIG_COMMANDS = 
  $ ./config.status src/Makefile depfiles

on localhost

config.status:918: creating src/Makefile
config.status:1147: executing depfiles commands

## ---------------------- ##
## Running config.status. ##
## ---------------------- ##

This file was extended by lnl config.status 3.4.20, which was
generated by GNU Autoconf 2.69.  Invocation command line was

  CONFIG_FILES    = 
  CONFIG_HEADERS  = 
  CONFIG_LINKS    = 
  CONFIG_COMMANDS = 
  $ ./config.status man/Makefile

on localhost

config.status:918: creating man/Makefile

## ---------------------- ##
## Running config.status. ##
## ---------------------- ##

This file was extended by lnl config.status 3.4.20, which was
generated by GNU Autoconf 2.69.  Invocation command line was

  CONFIG_FILES    = 
  CONFIG_HEADERS  = 
  CONFIG_LINKS    = 
  CONFIG_COMMANDS = 
  $ ./config.status src/Makefile depfiles

on localhost

config.status:918: creating src/Makefile
config.status:1147: executing depfiles commands

## ---------------------- ##
## Running config.status. ##
## ---------------------- ##

This file was extended by lnl config.status 3.4.20, which was
generated by GNU Autoconf 2.69.  Invocation command line was

  CONFIG_FILES    = 
  CONFIG_HEADERS  = 
  CONFIG_LINKS    = 
  CONFIG_COMMANDS = 
  $ ./config.status Makefile

on localhost

config.status:918: creating Makefile

## ---------------------- ##
## Running config.status. ##
## ---------------------- ##

This file was extended by lnl config.status 3.4.20, which was
generated by GNU Autoconf 2.69.  Invocation command line was

  CONFIG_FILES    = 
  CONFIG_HEADERS  = 
  CONFIG_LINKS    = 
  CONFIG_COMMANDS = 
  $ ./config.status src/Makefile depfiles

on localhost

config.status:918: creating src/Makefile
config.status:1147: executing depfiles commands

## ---------------------- ##
## Running config.status. ##
## ---------------------- ##

This file was extended by lnl config.status 3.4.20, which was
generated by GNU Autoconf 2.69.  Invocation command line was

  CONFIG_FILES    = 
  CONFIG_HEADERS  = 
  CONFIG_LINKS    = 
  CONFIG_COMMANDS = 
  $ ./config.status man/Makefile

on localhost

config.status:918: creating man/Makefile

## ---------------------- ##
## Running config.status. ##
## ---------------------- ##

This file was extended by lnl config.status 3.4.20, which was
generated by GNU Autoconf 2.69.  Invocation command line was

  CONFIG_FILES    = 
  CONFIG_HEADERS  = 
  CONFIG_LINKS    = 
  CONFIG_COMMANDS = 
  $ ./config.status src/Makefile depfiles

on localhost

config.status:918: creating src/Makefile
config.status:1147: executing depfiles commands

## ---------------------- ##
## Running config.status. ##
## ---------------------- ##

This file was extended by lnl config.status 3.4.20, which was
generated by GNU Autoconf 2.69.  Invocation command line was

  CONFIG_FILES    = 
  CONFIG_HEADERS  = 
  CONFIG_LINKS    = 
  CONFIG_COMMANDS = 
  $ ./config.status man/Makefile

on localhost

config.status:918: creating man/Makefile

## ---------------------- ##
## Running config.status. ##
## ---------------------- ##

This file was extended by lnl config.status 3.4.20, which was
generated by GNU Autoconf 2.69.  Invocation command line was

  CONFIG_FILES    = 
  CONFIG_HEADERS  = 
  CONFIG_LINKS    = 
  CONFIG_COMMANDS = 
  $ ./config.status Makefile

on localhost

config.status:918: creating Makefile

## ---------------------- ##
## Running config.status. ##
## ---------------------- ##

This file was extended by lnl config.status 3.4.20, which was
generated by GNU Autoconf 2.69.  Invocation command line was

  CONFIG_FILES    = 
  CONFIG_HEADERS  = 
  CONFIG_LINKS    = 
  CONFIG_COMMANDS = 
  $ ./config.status src/Makefile depfiles

on localhost

config.status:918: creating src/Makefile
config.status:1147: executing depfiles commands

## ---------------------- ##
## Running config.status. ##
## ---------------------- ##

This file was extended by lnl config.status 3.4.20, which was
generated by GNU Autoconf 2.69.  Invocation command line was

  CONFIG_FILES    = 
  CONFIG_HEADERS  = 
  CONFIG_LINKS    = 
  CONFIG_COMMANDS = 
  $ ./config.status man/Makefile

on localhost

config.status:918: creating man/Makefile

## ---------------------- ##
## Running config.status. ##
## ---------------------- ##

This file was extended by lnl config.status 3.4.20, which was
generated by GNU Autoconf 2.69.  Invocation command line was

  CONFIG_FILES    = 
  CONFIG_HEADERS  = 
  CONFIG_LINKS    = 
  CONFIG_COMMANDS = 
  $ ./config.status Makefile

on localhost

config.status:918: creating Makefile

## ---------------------- ##
## Running config.status. ##
## ---------------------- ##

This file was extended by lnl config.status 3.4.20, which was
generated by GNU Autoconf 2.69.  Invocation command line was

  CONFIG_FILES    = 
  CONFIG_HEADERS  = 
  CONFIG_LINKS    = 
  CONFIG_COMMANDS = 
  $ ./config.status man/Makefile

on localhost

config.status:918: creating man/Makefile

## ---------------------- ##
## Running config.status. ##
## ---------------------- ##

This file was extended by lnl config.status 3.4.20, which was
generated by GNU Autoconf 2.69.  Invocation command line was

  CONFIG_FILES    = 
  CONFIG_HEADERS  = 
  CONFIG_LINKS    = 
  CONFIG_COMMANDS = 
  $ ./config.status Makefile

on localhost

config.status:918: creating Makefile

## ---------------------- ##
## Running config.status. ##
## ---------------------- ##

This file was extended by lnl config.status 3.4.20, which was
generated by GNU Autoconf 2.69.  Invocation command line was

  CONFIG_FILES    = 
  CONFIG_HEADERS  = 
  CONFIG_LINKS    = 
  CONFIG_COMMANDS = 
  $ ./config.status src/Makefile depfiles

on localhost

config.status:918: creating src/Makefile
config.status:1147: executing depfiles commands

## ---------------------- ##
## Running config.status. ##
## ---------------------- ##

This file was extended by lnl config.status 3.4.20, which was
generated by GNU Autoconf 2.69.  Invocation command line was

  CONFIG_FILES    = 
  CONFIG_HEADERS  = 
  CONFIG_LINKS    = 
  CONFIG_COMMANDS = 
  $ ./config.status man/Makefile

on localhost

config.status:918: creating man/Makefile

## ---------------------- ##
## Running config.status. ##
## ---------------------- ##

This file was extended by lnl config.status 3.4.20, which was
generated by GNU Autoconf 2.69.  Invocation command line was

  CONFIG_FILES    = 
  CONFIG_HEADERS  = 
  CONFIG_LINKS    = 
  CONFIG_COMMANDS = 
  $ ./config.status Makefile

on localhost

config.status:918: creating Makefile

## ---------------------- ##
## Running config.status. ##
## ---------------------- ##

This file was extended by lnl config.status 3.4.20, which was
generated by GNU Autoconf 2.69.  Invocation command line was

  CONFIG_FILES    = 
  CONFIG_HEADERS  = 
  CONFIG_LINKS    = 
  CONFIG_COMMANDS = 
  $ ./config.status src/Makefile depfiles

on localhost

config.status:918: creating src/Makefile
config.status:1147: executing depfiles commands

## ---------------------- ##
## Running config.status. ##
## ---------------------- ##

This file was extended by lnl config.status 3.4.20, which was
generated by GNU Autoconf 2.69.  Invocation command line was

  CONFIG_FILES    = 
  CONFIG_HEADERS  = 
  CONFIG_LINKS    = 
  CONFIG_COMMANDS = 
  $ ./config.status man/Makefile

on localhost

config.status:918: creating man/Makefile

## ---------------------- ##
## Running config.status. ##
## ---------------------- ##

This file was extended by lnl config.status 3.4.20, which was
generated by GNU Autoconf 2.69.  Invocation command line was

  CONFIG_FILES    = 
  CONFIG_HEADERS  = 
  CONFIG_LINKS    = 
  CONFIG_COMMANDS = 
  $ ./config.status Makefile

on localhost

config.status:918: creating Makefile

## ---------------------- ##
## Running config.status. ##
## ---------------------- ##

This file was extended by lnl config.status 3.4.20, which was
generated by GNU Autoconf 2.69.  Invocation command line was

  CONFIG_FILES    = 
  CONFIG_HEADERS  = 
  CONFIG_LINKS    = 
  CONFIG_COMMANDS = 
  $ ./config.status src/Makefile depfiles

on localhost

config.status:918: creating src/Makefile
config.status:1147: executing depfiles commands

## ---------------------- ##
## Running config.status. ##
## ---------------------- ##

This file was extended by lnl config.status 3.4.20, which was
generated by GNU Autoconf 2.69.  Invocation command line was

  CONFIG_FILES    = 
  CONFIG_HEADERS  = 
  CONFIG_LINKS    = 
  CONFIG_COMMANDS = 
  $ ./config.status man/Makefile

on localhost

config.status:918: creating man/Makefile
