This file contains any messages produced by compilers while
running configure, to aid debugging if configure makes a mistake.

It was created by xalnl configure 3.4.20, which was
generated by GNU Autoconf 2.69.  Invocation command line was

  $ ./configure --no-create --no-recursion

## --------- ##
## Platform. ##
## --------- ##

hostname = localhost
uname -m = i686
uname -r = 3.16.0-4-686-pae
uname -s = Linux
uname -v = #1 SMP Debian 3.16.7-ckt11-1+deb8u6 (2015-11-09)

/usr/bin/uname -p = unknown
/bin/uname -X     = unknown

/bin/arch              = unknown
/usr/bin/arch -k       = unknown
/usr/convex/getsysinfo = unknown
/usr/bin/hostinfo      = unknown
/bin/machine           = unknown
/usr/bin/oslevel       = unknown
/bin/universe          = unknown

PATH: /bin
PATH: /usr/bin
PATH: /usr/local/bin
PATH: /usr/bin/X11
PATH: /usr/games
PATH: /sbin
PATH: /usr/sbin
PATH: /usr/local/sbin
PATH: /home/dud/sh
PATH: /home/dud/bin
PATH: /root/sh
PATH: /root/bin


## ----------- ##
## Core tests. ##
## ----------- ##

configure:2303: checking for a BSD-compatible install
configure:2371: result: /usr/bin/install -c
configure:2382: checking whether build environment is sane
configure:2432: result: yes
configure:2573: checking for a thread-safe mkdir -p
configure:2612: result: /bin/mkdir -p
configure:2625: checking for gawk
configure:2641: found /usr/bin/gawk
configure:2652: result: gawk
configure:2663: checking whether make sets $(MAKE)
configure:2685: result: yes
configure:2770: checking build system type
configure:2784: result: i686-pc-linux-gnu
configure:2804: checking host system type
configure:2817: result: i686-pc-linux-gnu
configure:2914: checking for gcc
configure:2930: found /usr/bin/gcc
configure:2941: result: gcc
configure:3170: checking for C compiler version
configure:3179: gcc --version >&5
gcc (Debian 4.9.2-10) 4.9.2
Copyright (C) 2014 Free Software Foundation, Inc.
This is free software; see the source for copying conditions.  There is NO
warranty; not even for MERCHANTABILITY or FITNESS FOR A PARTICULAR PURPOSE.

configure:3190: $? = 0
configure:3179: gcc -v >&5
Using built-in specs.
COLLECT_GCC=gcc
COLLECT_LTO_WRAPPER=/usr/lib/gcc/i586-linux-gnu/4.9/lto-wrapper
Target: i586-linux-gnu
Configured with: ../src/configure -v --with-pkgversion='Debian 4.9.2-10' --with-bugurl=file:///usr/share/doc/gcc-4.9/README.Bugs --enable-languages=c,c++,java,go,d,fortran,objc,obj-c++ --prefix=/usr --program-suffix=-4.9 --enable-shared --enable-linker-build-id --libexecdir=/usr/lib --without-included-gettext --enable-threads=posix --with-gxx-include-dir=/usr/include/c++/4.9 --libdir=/usr/lib --enable-nls --with-sysroot=/ --enable-clocale=gnu --enable-libstdcxx-debug --enable-libstdcxx-time=yes --enable-gnu-unique-object --disable-vtable-verify --enable-plugin --with-system-zlib --disable-browser-plugin --enable-java-awt=gtk --enable-gtk-cairo --with-java-home=/usr/lib/jvm/java-1.5.0-gcj-4.9-i386/jre --enable-java-home --with-jvm-root-dir=/usr/lib/jvm/java-1.5.0-gcj-4.9-i386 --with-jvm-jar-dir=/usr/lib/jvm-exports/java-1.5.0-gcj-4.9-i386 --with-arch-directory=i386 --with-ecj-jar=/usr/share/java/eclipse-ecj.jar --enable-objc-gc --enable-targets=all --enable-multiarch --with-arch-32=i586 --with-multilib-list=m32,m64,mx32 --enable-multilib --with-tune=generic --enable-checking=release --build=i586-linux-gnu --host=i586-linux-gnu --target=i586-linux-gnu
Thread model: posix
gcc version 4.9.2 (Debian 4.9.2-10) 
configure:3190: $? = 0
configure:3179: gcc -V >&5
gcc: error: unrecognized command line option '-V'
gcc: fatal error: no input files
compilation terminated.
configure:3190: $? = 4
configure:3179: gcc -qversion >&5
gcc: error: unrecognized command line option '-qversion'
gcc: fatal error: no input files
compilation terminated.
configure:3190: $? = 4
configure:3210: checking whether the C compiler works
configure:3232: gcc    conftest.c  >&5
configure:3236: $? = 0
configure:3284: result: yes
configure:3287: checking for C compiler default output file name
configure:3289: result: a.out
configure:3295: checking for suffix of executables
configure:3302: gcc -o conftest    conftest.c  >&5
configure:3306: $? = 0
configure:3328: result: 
configure:3350: checking whether we are cross compiling
configure:3358: gcc -o conftest    conftest.c  >&5
configure:3362: $? = 0
configure:3369: ./conftest
configure:3373: $? = 0
configure:3388: result: no
configure:3393: checking for suffix of object files
configure:3415: gcc -c   conftest.c >&5
configure:3419: $? = 0
configure:3440: result: o
configure:3444: checking whether we are using the GNU C compiler
configure:3463: gcc -c   conftest.c >&5
configure:3463: $? = 0
configure:3472: result: yes
configure:3481: checking whether gcc accepts -g
configure:3501: gcc -c -g  conftest.c >&5
configure:3501: $? = 0
configure:3542: result: yes
configure:3559: checking for gcc option to accept ISO C89
configure:3622: gcc  -c -g -O2  conftest.c >&5
configure:3622: $? = 0
configure:3635: result: none needed
configure:3666: checking for style of include used by make
configure:3694: result: GNU
configure:3720: checking dependency style of gcc
configure:3831: result: gcc3
configure:3904: checking for g++
configure:3920: found /usr/bin/g++
configure:3931: result: g++
configure:3958: checking for C++ compiler version
configure:3967: g++ --version >&5
g++ (Debian 4.9.2-10) 4.9.2
Copyright (C) 2014 Free Software Foundation, Inc.
This is free software; see the source for copying conditions.  There is NO
warranty; not even for MERCHANTABILITY or FITNESS FOR A PARTICULAR PURPOSE.

configure:3978: $? = 0
configure:3967: g++ -v >&5
Using built-in specs.
COLLECT_GCC=g++
COLLECT_LTO_WRAPPER=/usr/lib/gcc/i586-linux-gnu/4.9/lto-wrapper
Target: i586-linux-gnu
Configured with: ../src/configure -v --with-pkgversion='Debian 4.9.2-10' --with-bugurl=file:///usr/share/doc/gcc-4.9/README.Bugs --enable-languages=c,c++,java,go,d,fortran,objc,obj-c++ --prefix=/usr --program-suffix=-4.9 --enable-shared --enable-linker-build-id --libexecdir=/usr/lib --without-included-gettext --enable-threads=posix --with-gxx-include-dir=/usr/include/c++/4.9 --libdir=/usr/lib --enable-nls --with-sysroot=/ --enable-clocale=gnu --enable-libstdcxx-debug --enable-libstdcxx-time=yes --enable-gnu-unique-object --disable-vtable-verify --enable-plugin --with-system-zlib --disable-browser-plugin --enable-java-awt=gtk --enable-gtk-cairo --with-java-home=/usr/lib/jvm/java-1.5.0-gcj-4.9-i386/jre --enable-java-home --with-jvm-root-dir=/usr/lib/jvm/java-1.5.0-gcj-4.9-i386 --with-jvm-jar-dir=/usr/lib/jvm-exports/java-1.5.0-gcj-4.9-i386 --with-arch-directory=i386 --with-ecj-jar=/usr/share/java/eclipse-ecj.jar --enable-objc-gc --enable-targets=all --enable-multiarch --with-arch-32=i586 --with-multilib-list=m32,m64,mx32 --enable-multilib --with-tune=generic --enable-checking=release --build=i586-linux-gnu --host=i586-linux-gnu --target=i586-linux-gnu
Thread model: posix
gcc version 4.9.2 (Debian 4.9.2-10) 
configure:3978: $? = 0
configure:3967: g++ -V >&5
g++: error: unrecognized command line option '-V'
g++: fatal error: no input files
compilation terminated.
configure:3978: $? = 4
configure:3967: g++ -qversion >&5
g++: error: unrecognized command line option '-qversion'
g++: fatal error: no input files
compilation terminated.
configure:3978: $? = 4
configure:3982: checking whether we are using the GNU C++ compiler
configure:4001: g++ -c   conftest.cpp >&5
configure:4001: $? = 0
configure:4010: result: yes
configure:4019: checking whether g++ accepts -g
configure:4039: g++ -c -g  conftest.cpp >&5
configure:4039: $? = 0
configure:4080: result: yes
configure:4105: checking dependency style of g++
configure:4216: result: gcc3
configure:4231: checking whether ln -s works
configure:4235: result: yes
configure:4242: checking whether make sets $(MAKE)
configure:4264: result: yes
configure:4276: checking for initscr in -lcurses
configure:4301: gcc -o conftest -g -O2   conftest.c -lcurses   >&5
configure:4301: $? = 0
configure:4310: result: yes
configure:4321: checking for initscr in -lncurses
configure:4346: gcc -o conftest -g -O2   conftest.c -lncurses  -lcurses  >&5
configure:4346: $? = 0
configure:4355: result: yes
configure:4366: checking for initscr in -lncursesw
configure:4391: gcc -o conftest -g -O2   conftest.c -lncursesw  -lncurses -lcurses  >&5
configure:4391: $? = 0
configure:4400: result: yes
configure:4411: checking for tcgetattr in -ltermcap
configure:4436: gcc -o conftest -g -O2   conftest.c -ltermcap  -lncursesw -lncurses -lcurses  >&5
configure:4436: $? = 0
configure:4445: result: yes
configure:4456: checking for sin in -lm
configure:4481: gcc -o conftest -g -O2   conftest.c -lm  -ltermcap -lncursesw -lncurses -lcurses  >&5
conftest.c:22:6: warning: conflicting types for built-in function 'sin'
 char sin ();
      ^
configure:4481: $? = 0
configure:4490: result: yes
configure:4501: checking for pthread_create in -lpthread
configure:4526: gcc -o conftest -g -O2   conftest.c -lpthread  -lm -ltermcap -lncursesw -lncurses -lcurses  >&5
configure:4526: $? = 0
configure:4535: result: yes
configure:4546: checking for Gpm_Open in -lgpm
configure:4571: gcc -o conftest -g -O2   conftest.c -lgpm  -lpthread -lm -ltermcap -lncursesw -lncurses -lcurses  >&5
configure:4571: $? = 0
configure:4580: result: yes
configure:4591: checking for Mix_PlayMusic in -lSDL_mixer
configure:4616: gcc -o conftest -g -O2   conftest.c -lSDL_mixer  -lgpm -lpthread -lm -ltermcap -lncursesw -lncurses -lcurses  >&5
configure:4616: $? = 0
configure:4625: result: yes
configure:4636: checking for SDL_JoystickOpen in -lSDL
configure:4661: gcc -o conftest -g -O2   conftest.c -lSDL  -lSDL_mixer -lgpm -lpthread -lm -ltermcap -lncursesw -lncurses -lcurses  >&5
configure:4661: $? = 0
configure:4670: result: yes
configure:4688: checking how to run the C preprocessor
configure:4719: gcc -E  conftest.c
configure:4719: $? = 0
configure:4733: gcc -E  conftest.c
conftest.c:20:28: fatal error: ac_nonexistent.h: No such file or directory
 #include <ac_nonexistent.h>
                            ^
compilation terminated.
configure:4733: $? = 1
configure: failed program was:
| /* confdefs.h */
| #define PACKAGE_NAME "xalnl"
| #define PACKAGE_TARNAME "xalnl"
| #define PACKAGE_VERSION "3.4.20"
| #define PACKAGE_STRING "xalnl 3.4.20"
| #define PACKAGE_BUGREPORT "bowkenken@users.sourceforge.jp"
| #define PACKAGE_URL ""
| #define PACKAGE "xalnl"
| #define VERSION "3.4.20"
| #define HAVE_LIBCURSES 1
| #define HAVE_LIBNCURSES 1
| #define HAVE_LIBNCURSESW 1
| #define HAVE_LIBTERMCAP 1
| #define HAVE_LIBM 1
| #define HAVE_LIBPTHREAD 1
| #define HAVE_LIBGPM 1
| #define HAVE_LIBSDL_MIXER 1
| #define HAVE_LIBSDL 1
| /* end confdefs.h.  */
| #include <ac_nonexistent.h>
configure:4758: result: gcc -E
configure:4778: gcc -E  conftest.c
configure:4778: $? = 0
configure:4792: gcc -E  conftest.c
conftest.c:20:28: fatal error: ac_nonexistent.h: No such file or directory
 #include <ac_nonexistent.h>
                            ^
compilation terminated.
configure:4792: $? = 1
configure: failed program was:
| /* confdefs.h */
| #define PACKAGE_NAME "xalnl"
| #define PACKAGE_TARNAME "xalnl"
| #define PACKAGE_VERSION "3.4.20"
| #define PACKAGE_STRING "xalnl 3.4.20"
| #define PACKAGE_BUGREPORT "bowkenken@users.sourceforge.jp"
| #define PACKAGE_URL ""
| #define PACKAGE "xalnl"
| #define VERSION "3.4.20"
| #define HAVE_LIBCURSES 1
| #define HAVE_LIBNCURSES 1
| #define HAVE_LIBNCURSESW 1
| #define HAVE_LIBTERMCAP 1
| #define HAVE_LIBM 1
| #define HAVE_LIBPTHREAD 1
| #define HAVE_LIBGPM 1
| #define HAVE_LIBSDL_MIXER 1
| #define HAVE_LIBSDL 1
| /* end confdefs.h.  */
| #include <ac_nonexistent.h>
configure:4821: checking for grep that handles long lines and -e
configure:4879: result: /bin/grep
configure:4884: checking for egrep
configure:4946: result: /bin/grep -E
configure:4951: checking for ANSI C header files
configure:4971: gcc -c -g -O2  conftest.c >&5
configure:4971: $? = 0
configure:5044: gcc -o conftest -g -O2   conftest.c -lSDL -lSDL_mixer -lgpm -lpthread -lm -ltermcap -lncursesw -lncurses -lcurses  >&5
configure:5044: $? = 0
configure:5044: ./conftest
configure:5044: $? = 0
configure:5055: result: yes
configure:5068: checking for sys/types.h
configure:5068: gcc -c -g -O2  conftest.c >&5
configure:5068: $? = 0
configure:5068: result: yes
configure:5068: checking for sys/stat.h
configure:5068: gcc -c -g -O2  conftest.c >&5
configure:5068: $? = 0
configure:5068: result: yes
configure:5068: checking for stdlib.h
configure:5068: gcc -c -g -O2  conftest.c >&5
configure:5068: $? = 0
configure:5068: result: yes
configure:5068: checking for string.h
configure:5068: gcc -c -g -O2  conftest.c >&5
configure:5068: $? = 0
configure:5068: result: yes
configure:5068: checking for memory.h
configure:5068: gcc -c -g -O2  conftest.c >&5
configure:5068: $? = 0
configure:5068: result: yes
configure:5068: checking for strings.h
configure:5068: gcc -c -g -O2  conftest.c >&5
configure:5068: $? = 0
configure:5068: result: yes
configure:5068: checking for inttypes.h
configure:5068: gcc -c -g -O2  conftest.c >&5
configure:5068: $? = 0
configure:5068: result: yes
configure:5068: checking for stdint.h
configure:5068: gcc -c -g -O2  conftest.c >&5
configure:5068: $? = 0
configure:5068: result: yes
configure:5068: checking for unistd.h
configure:5068: gcc -c -g -O2  conftest.c >&5
configure:5068: $? = 0
configure:5068: result: yes
configure:5082: checking locale.h usability
configure:5082: gcc -c -g -O2  conftest.c >&5
configure:5082: $? = 0
configure:5082: result: yes
configure:5082: checking locale.h presence
configure:5082: gcc -E  conftest.c
configure:5082: $? = 0
configure:5082: result: yes
configure:5082: checking for locale.h
configure:5082: result: yes
configure:5095: checking curses.h usability
configure:5095: gcc -c -g -O2  conftest.c >&5
configure:5095: $? = 0
configure:5095: result: yes
configure:5095: checking curses.h presence
configure:5095: gcc -E  conftest.c
configure:5095: $? = 0
configure:5095: result: yes
configure:5095: checking for curses.h
configure:5095: result: yes
configure:5095: checking ncurses.h usability
configure:5095: gcc -c -g -O2  conftest.c >&5
configure:5095: $? = 0
configure:5095: result: yes
configure:5095: checking ncurses.h presence
configure:5095: gcc -E  conftest.c
configure:5095: $? = 0
configure:5095: result: yes
configure:5095: checking for ncurses.h
configure:5095: result: yes
configure:5095: checking ncursesw.h usability
configure:5095: gcc -c -g -O2  conftest.c >&5
conftest.c:66:22: fatal error: ncursesw.h: No such file or directory
 #include <ncursesw.h>
                      ^
compilation terminated.
configure:5095: $? = 1
configure: failed program was:
| /* confdefs.h */
| #define PACKAGE_NAME "xalnl"
| #define PACKAGE_TARNAME "xalnl"
| #define PACKAGE_VERSION "3.4.20"
| #define PACKAGE_STRING "xalnl 3.4.20"
| #define PACKAGE_BUGREPORT "bowkenken@users.sourceforge.jp"
| #define PACKAGE_URL ""
| #define PACKAGE "xalnl"
| #define VERSION "3.4.20"
| #define HAVE_LIBCURSES 1
| #define HAVE_LIBNCURSES 1
| #define HAVE_LIBNCURSESW 1
| #define HAVE_LIBTERMCAP 1
| #define HAVE_LIBM 1
| #define HAVE_LIBPTHREAD 1
| #define HAVE_LIBGPM 1
| #define HAVE_LIBSDL_MIXER 1
| #define HAVE_LIBSDL 1
| #define STDC_HEADERS 1
| #define HAVE_SYS_TYPES_H 1
| #define HAVE_SYS_STAT_H 1
| #define HAVE_STDLIB_H 1
| #define HAVE_STRING_H 1
| #define HAVE_MEMORY_H 1
| #define HAVE_STRINGS_H 1
| #define HAVE_INTTYPES_H 1
| #define HAVE_STDINT_H 1
| #define HAVE_UNISTD_H 1
| #define HAVE_LOCALE_H 1
| #define HAVE_CURSES_H 1
| #define HAVE_NCURSES_H 1
| /* end confdefs.h.  */
| #include <stdio.h>
| #ifdef HAVE_SYS_TYPES_H
| # include <sys/types.h>
| #endif
| #ifdef HAVE_SYS_STAT_H
| # include <sys/stat.h>
| #endif
| #ifdef STDC_HEADERS
| # include <stdlib.h>
| # include <stddef.h>
| #else
| # ifdef HAVE_STDLIB_H
| #  include <stdlib.h>
| # endif
| #endif
| #ifdef HAVE_STRING_H
| # if !defined STDC_HEADERS && defined HAVE_MEMORY_H
| #  include <memory.h>
| # endif
| # include <string.h>
| #endif
| #ifdef HAVE_STRINGS_H
| # include <strings.h>
| #endif
| #ifdef HAVE_INTTYPES_H
| # include <inttypes.h>
| #endif
| #ifdef HAVE_STDINT_H
| # include <stdint.h>
| #endif
| #ifdef HAVE_UNISTD_H
| # include <unistd.h>
| #endif
| #include <ncursesw.h>
configure:5095: result: no
configure:5095: checking ncursesw.h presence
configure:5095: gcc -E  conftest.c
conftest.c:33:22: fatal error: ncursesw.h: No such file or directory
 #include <ncursesw.h>
                      ^
compilation terminated.
configure:5095: $? = 1
configure: failed program was:
| /* confdefs.h */
| #define PACKAGE_NAME "xalnl"
| #define PACKAGE_TARNAME "xalnl"
| #define PACKAGE_VERSION "3.4.20"
| #define PACKAGE_STRING "xalnl 3.4.20"
| #define PACKAGE_BUGREPORT "bowkenken@users.sourceforge.jp"
| #define PACKAGE_URL ""
| #define PACKAGE "xalnl"
| #define VERSION "3.4.20"
| #define HAVE_LIBCURSES 1
| #define HAVE_LIBNCURSES 1
| #define HAVE_LIBNCURSESW 1
| #define HAVE_LIBTERMCAP 1
| #define HAVE_LIBM 1
| #define HAVE_LIBPTHREAD 1
| #define HAVE_LIBGPM 1
| #define HAVE_LIBSDL_MIXER 1
| #define HAVE_LIBSDL 1
| #define STDC_HEADERS 1
| #define HAVE_SYS_TYPES_H 1
| #define HAVE_SYS_STAT_H 1
| #define HAVE_STDLIB_H 1
| #define HAVE_STRING_H 1
| #define HAVE_MEMORY_H 1
| #define HAVE_STRINGS_H 1
| #define HAVE_INTTYPES_H 1
| #define HAVE_STDINT_H 1
| #define HAVE_UNISTD_H 1
| #define HAVE_LOCALE_H 1
| #define HAVE_CURSES_H 1
| #define HAVE_NCURSES_H 1
| /* end confdefs.h.  */
| #include <ncursesw.h>
configure:5095: result: no
configure:5095: checking for ncursesw.h
configure:5095: result: no
configure:5108: checking for stdlib.h
configure:5108: result: yes
configure:5108: checking stddef.h usability
configure:5108: gcc -c -g -O2  conftest.c >&5
configure:5108: $? = 0
configure:5108: result: yes
configure:5108: checking stddef.h presence
configure:5108: gcc -E  conftest.c
configure:5108: $? = 0
configure:5108: result: yes
configure:5108: checking for stddef.h
configure:5108: result: yes
configure:5108: checking stdio.h usability
configure:5108: gcc -c -g -O2  conftest.c >&5
configure:5108: $? = 0
configure:5108: result: yes
configure:5108: checking stdio.h presence
configure:5108: gcc -E  conftest.c
configure:5108: $? = 0
configure:5108: result: yes
configure:5108: checking for stdio.h
configure:5108: result: yes
configure:5108: checking stdarg.h usability
configure:5108: gcc -c -g -O2  conftest.c >&5
configure:5108: $? = 0
configure:5108: result: yes
configure:5108: checking stdarg.h presence
configure:5108: gcc -E  conftest.c
configure:5108: $? = 0
configure:5108: result: yes
configure:5108: checking for stdarg.h
configure:5108: result: yes
configure:5121: checking limits.h usability
configure:5121: gcc -c -g -O2  conftest.c >&5
configure:5121: $? = 0
configure:5121: result: yes
configure:5121: checking limits.h presence
configure:5121: gcc -E  conftest.c
configure:5121: $? = 0
configure:5121: result: yes
configure:5121: checking for limits.h
configure:5121: result: yes
configure:5121: checking for string.h
configure:5121: result: yes
configure:5121: checking ctype.h usability
configure:5121: gcc -c -g -O2  conftest.c >&5
configure:5121: $? = 0
configure:5121: result: yes
configure:5121: checking ctype.h presence
configure:5121: gcc -E  conftest.c
configure:5121: $? = 0
configure:5121: result: yes
configure:5121: checking for ctype.h
configure:5121: result: yes
configure:5121: checking time.h usability
configure:5121: gcc -c -g -O2  conftest.c >&5
configure:5121: $? = 0
configure:5121: result: yes
configure:5121: checking time.h presence
configure:5121: gcc -E  conftest.c
configure:5121: $? = 0
configure:5121: result: yes
configure:5121: checking for time.h
configure:5121: result: yes
configure:5121: checking math.h usability
configure:5121: gcc -c -g -O2  conftest.c >&5
configure:5121: $? = 0
configure:5121: result: yes
configure:5121: checking math.h presence
configure:5121: gcc -E  conftest.c
configure:5121: $? = 0
configure:5121: result: yes
configure:5121: checking for math.h
configure:5121: result: yes
configure:5134: checking for sys/stat.h
configure:5134: result: yes
configure:5134: checking termio.h usability
configure:5134: gcc -c -g -O2  conftest.c >&5
configure:5134: $? = 0
configure:5134: result: yes
configure:5134: checking termio.h presence
configure:5134: gcc -E  conftest.c
configure:5134: $? = 0
configure:5134: result: yes
configure:5134: checking for termio.h
configure:5134: result: yes
configure:5134: checking termios.h usability
configure:5134: gcc -c -g -O2  conftest.c >&5
configure:5134: $? = 0
configure:5134: result: yes
configure:5134: checking termios.h presence
configure:5134: gcc -E  conftest.c
configure:5134: $? = 0
configure:5134: result: yes
configure:5134: checking for termios.h
configure:5134: result: yes
configure:5134: checking for unistd.h
configure:5134: result: yes
configure:5146: checking sys/fcntl.h usability
configure:5146: gcc -c -g -O2  conftest.c >&5
configure:5146: $? = 0
configure:5146: result: yes
configure:5146: checking sys/fcntl.h presence
configure:5146: gcc -E  conftest.c
configure:5146: $? = 0
configure:5146: result: yes
configure:5146: checking for sys/fcntl.h
configure:5146: result: yes
configure:5158: checking getopt.h usability
configure:5158: gcc -c -g -O2  conftest.c >&5
configure:5158: $? = 0
configure:5158: result: yes
configure:5158: checking getopt.h presence
configure:5158: gcc -E  conftest.c
configure:5158: $? = 0
configure:5158: result: yes
configure:5158: checking for getopt.h
configure:5158: result: yes
configure:5170: checking gpm.h usability
configure:5170: gcc -c -g -O2  conftest.c >&5
configure:5170: $? = 0
configure:5170: result: yes
configure:5170: checking gpm.h presence
configure:5170: gcc -E  conftest.c
configure:5170: $? = 0
configure:5170: result: yes
configure:5170: checking for gpm.h
configure:5170: result: yes
configure:5183: checking SDL/SDL.h usability
configure:5183: gcc -c -g -O2  conftest.c >&5
configure:5183: $? = 0
configure:5183: result: yes
configure:5183: checking SDL/SDL.h presence
configure:5183: gcc -E  conftest.c
configure:5183: $? = 0
configure:5183: result: yes
configure:5183: checking for SDL/SDL.h
configure:5183: result: yes
configure:5183: checking SDL/SDL_mixer.h usability
configure:5183: gcc -c -g -O2  conftest.c >&5
configure:5183: $? = 0
configure:5183: result: yes
configure:5183: checking SDL/SDL_mixer.h presence
configure:5183: gcc -E  conftest.c
configure:5183: $? = 0
configure:5183: result: yes
configure:5183: checking for SDL/SDL_mixer.h
configure:5183: result: yes
configure:5195: checking for an ANSI C-conforming const
configure:5261: gcc -c -g -O2  conftest.c >&5
configure:5261: $? = 0
configure:5268: result: yes
configure:5276: checking for mode_t
configure:5276: gcc -c -g -O2  conftest.c >&5
configure:5276: $? = 0
configure:5276: gcc -c -g -O2  conftest.c >&5
conftest.c: In function 'main':
conftest.c:87:21: error: expected expression before ')' token
 if (sizeof ((mode_t)))
                     ^
configure:5276: $? = 1
configure: failed program was:
| /* confdefs.h */
| #define PACKAGE_NAME "xalnl"
| #define PACKAGE_TARNAME "xalnl"
| #define PACKAGE_VERSION "3.4.20"
| #define PACKAGE_STRING "xalnl 3.4.20"
| #define PACKAGE_BUGREPORT "bowkenken@users.sourceforge.jp"
| #define PACKAGE_URL ""
| #define PACKAGE "xalnl"
| #define VERSION "3.4.20"
| #define HAVE_LIBCURSES 1
| #define HAVE_LIBNCURSES 1
| #define HAVE_LIBNCURSESW 1
| #define HAVE_LIBTERMCAP 1
| #define HAVE_LIBM 1
| #define HAVE_LIBPTHREAD 1
| #define HAVE_LIBGPM 1
| #define HAVE_LIBSDL_MIXER 1
| #define HAVE_LIBSDL 1
| #define STDC_HEADERS 1
| #define HAVE_SYS_TYPES_H 1
| #define HAVE_SYS_STAT_H 1
| #define HAVE_STDLIB_H 1
| #define HAVE_STRING_H 1
| #define HAVE_MEMORY_H 1
| #define HAVE_STRINGS_H 1
| #define HAVE_INTTYPES_H 1
| #define HAVE_STDINT_H 1
| #define HAVE_UNISTD_H 1
| #define HAVE_LOCALE_H 1
| #define HAVE_CURSES_H 1
| #define HAVE_NCURSES_H 1
| #define HAVE_STDLIB_H 1
| #define HAVE_STDDEF_H 1
| #define HAVE_STDIO_H 1
| #define HAVE_STDARG_H 1
| #define HAVE_LIMITS_H 1
| #define HAVE_STRING_H 1
| #define HAVE_CTYPE_H 1
| #define HAVE_TIME_H 1
| #define HAVE_MATH_H 1
| #define HAVE_SYS_STAT_H 1
| #define HAVE_TERMIO_H 1
| #define HAVE_TERMIOS_H 1
| #define HAVE_UNISTD_H 1
| #define HAVE_SYS_FCNTL_H 1
| #define HAVE_GETOPT_H 1
| #define HAVE_GPM_H 1
| #define HAVE_SDL_SDL_H 1
| #define HAVE_SDL_SDL_MIXER_H 1
| /* end confdefs.h.  */
| #include <stdio.h>
| #ifdef HAVE_SYS_TYPES_H
| # include <sys/types.h>
| #endif
| #ifdef HAVE_SYS_STAT_H
| # include <sys/stat.h>
| #endif
| #ifdef STDC_HEADERS
| # include <stdlib.h>
| # include <stddef.h>
| #else
| # ifdef HAVE_STDLIB_H
| #  include <stdlib.h>
| # endif
| #endif
| #ifdef HAVE_STRING_H
| # if !defined STDC_HEADERS && defined HAVE_MEMORY_H
| #  include <memory.h>
| # endif
| # include <string.h>
| #endif
| #ifdef HAVE_STRINGS_H
| # include <strings.h>
| #endif
| #ifdef HAVE_INTTYPES_H
| # include <inttypes.h>
| #endif
| #ifdef HAVE_STDINT_H
| # include <stdint.h>
| #endif
| #ifdef HAVE_UNISTD_H
| # include <unistd.h>
| #endif
| int
| main ()
| {
| if (sizeof ((mode_t)))
| 	    return 0;
|   ;
|   return 0;
| }
configure:5276: result: yes
configure:5287: checking for size_t
configure:5287: gcc -c -g -O2  conftest.c >&5
configure:5287: $? = 0
configure:5287: gcc -c -g -O2  conftest.c >&5
conftest.c: In function 'main':
conftest.c:87:21: error: expected expression before ')' token
 if (sizeof ((size_t)))
                     ^
configure:5287: $? = 1
configure: failed program was:
| /* confdefs.h */
| #define PACKAGE_NAME "xalnl"
| #define PACKAGE_TARNAME "xalnl"
| #define PACKAGE_VERSION "3.4.20"
| #define PACKAGE_STRING "xalnl 3.4.20"
| #define PACKAGE_BUGREPORT "bowkenken@users.sourceforge.jp"
| #define PACKAGE_URL ""
| #define PACKAGE "xalnl"
| #define VERSION "3.4.20"
| #define HAVE_LIBCURSES 1
| #define HAVE_LIBNCURSES 1
| #define HAVE_LIBNCURSESW 1
| #define HAVE_LIBTERMCAP 1
| #define HAVE_LIBM 1
| #define HAVE_LIBPTHREAD 1
| #define HAVE_LIBGPM 1
| #define HAVE_LIBSDL_MIXER 1
| #define HAVE_LIBSDL 1
| #define STDC_HEADERS 1
| #define HAVE_SYS_TYPES_H 1
| #define HAVE_SYS_STAT_H 1
| #define HAVE_STDLIB_H 1
| #define HAVE_STRING_H 1
| #define HAVE_MEMORY_H 1
| #define HAVE_STRINGS_H 1
| #define HAVE_INTTYPES_H 1
| #define HAVE_STDINT_H 1
| #define HAVE_UNISTD_H 1
| #define HAVE_LOCALE_H 1
| #define HAVE_CURSES_H 1
| #define HAVE_NCURSES_H 1
| #define HAVE_STDLIB_H 1
| #define HAVE_STDDEF_H 1
| #define HAVE_STDIO_H 1
| #define HAVE_STDARG_H 1
| #define HAVE_LIMITS_H 1
| #define HAVE_STRING_H 1
| #define HAVE_CTYPE_H 1
| #define HAVE_TIME_H 1
| #define HAVE_MATH_H 1
| #define HAVE_SYS_STAT_H 1
| #define HAVE_TERMIO_H 1
| #define HAVE_TERMIOS_H 1
| #define HAVE_UNISTD_H 1
| #define HAVE_SYS_FCNTL_H 1
| #define HAVE_GETOPT_H 1
| #define HAVE_GPM_H 1
| #define HAVE_SDL_SDL_H 1
| #define HAVE_SDL_SDL_MIXER_H 1
| /* end confdefs.h.  */
| #include <stdio.h>
| #ifdef HAVE_SYS_TYPES_H
| # include <sys/types.h>
| #endif
| #ifdef HAVE_SYS_STAT_H
| # include <sys/stat.h>
| #endif
| #ifdef STDC_HEADERS
| # include <stdlib.h>
| # include <stddef.h>
| #else
| # ifdef HAVE_STDLIB_H
| #  include <stdlib.h>
| # endif
| #endif
| #ifdef HAVE_STRING_H
| # if !defined STDC_HEADERS && defined HAVE_MEMORY_H
| #  include <memory.h>
| # endif
| # include <string.h>
| #endif
| #ifdef HAVE_STRINGS_H
| # include <strings.h>
| #endif
| #ifdef HAVE_INTTYPES_H
| # include <inttypes.h>
| #endif
| #ifdef HAVE_STDINT_H
| # include <stdint.h>
| #endif
| #ifdef HAVE_UNISTD_H
| # include <unistd.h>
| #endif
| int
| main ()
| {
| if (sizeof ((size_t)))
| 	    return 0;
|   ;
|   return 0;
| }
configure:5287: result: yes
configure:5301: checking whether gcc needs -traditional
configure:5335: result: no
configure:5344: checking for vprintf
configure:5344: gcc -o conftest -g -O2   conftest.c -lSDL -lSDL_mixer -lgpm -lpthread -lm -ltermcap -lncursesw -lncurses -lcurses  >&5
conftest.c:74:6: warning: conflicting types for built-in function 'vprintf'
 char vprintf ();
      ^
configure:5344: $? = 0
configure:5344: result: yes
configure:5350: checking for _doprnt
configure:5350: gcc -o conftest -g -O2   conftest.c -lSDL -lSDL_mixer -lgpm -lpthread -lm -ltermcap -lncursesw -lncurses -lcurses  >&5
/tmp/ccPV2dhB.o: In function `main':
/home/dud/src/alnl/xalnl/conftest.c:86: undefined reference to `_doprnt'
collect2: error: ld returned 1 exit status
configure:5350: $? = 1
configure: failed program was:
| /* confdefs.h */
| #define PACKAGE_NAME "xalnl"
| #define PACKAGE_TARNAME "xalnl"
| #define PACKAGE_VERSION "3.4.20"
| #define PACKAGE_STRING "xalnl 3.4.20"
| #define PACKAGE_BUGREPORT "bowkenken@users.sourceforge.jp"
| #define PACKAGE_URL ""
| #define PACKAGE "xalnl"
| #define VERSION "3.4.20"
| #define HAVE_LIBCURSES 1
| #define HAVE_LIBNCURSES 1
| #define HAVE_LIBNCURSESW 1
| #define HAVE_LIBTERMCAP 1
| #define HAVE_LIBM 1
| #define HAVE_LIBPTHREAD 1
| #define HAVE_LIBGPM 1
| #define HAVE_LIBSDL_MIXER 1
| #define HAVE_LIBSDL 1
| #define STDC_HEADERS 1
| #define HAVE_SYS_TYPES_H 1
| #define HAVE_SYS_STAT_H 1
| #define HAVE_STDLIB_H 1
| #define HAVE_STRING_H 1
| #define HAVE_MEMORY_H 1
| #define HAVE_STRINGS_H 1
| #define HAVE_INTTYPES_H 1
| #define HAVE_STDINT_H 1
| #define HAVE_UNISTD_H 1
| #define HAVE_LOCALE_H 1
| #define HAVE_CURSES_H 1
| #define HAVE_NCURSES_H 1
| #define HAVE_STDLIB_H 1
| #define HAVE_STDDEF_H 1
| #define HAVE_STDIO_H 1
| #define HAVE_STDARG_H 1
| #define HAVE_LIMITS_H 1
| #define HAVE_STRING_H 1
| #define HAVE_CTYPE_H 1
| #define HAVE_TIME_H 1
| #define HAVE_MATH_H 1
| #define HAVE_SYS_STAT_H 1
| #define HAVE_TERMIO_H 1
| #define HAVE_TERMIOS_H 1
| #define HAVE_UNISTD_H 1
| #define HAVE_SYS_FCNTL_H 1
| #define HAVE_GETOPT_H 1
| #define HAVE_GPM_H 1
| #define HAVE_SDL_SDL_H 1
| #define HAVE_SDL_SDL_MIXER_H 1
| #define HAVE_VPRINTF 1
| /* end confdefs.h.  */
| /* Define _doprnt to an innocuous variant, in case <limits.h> declares _doprnt.
|    For example, HP-UX 11i <limits.h> declares gettimeofday.  */
| #define _doprnt innocuous__doprnt
| 
| /* System header to define __stub macros and hopefully few prototypes,
|     which can conflict with char _doprnt (); below.
|     Prefer <limits.h> to <assert.h> if __STDC__ is defined, since
|     <limits.h> exists even on freestanding compilers.  */
| 
| #ifdef __STDC__
| # include <limits.h>
| #else
| # include <assert.h>
| #endif
| 
| #undef _doprnt
| 
| /* Override any GCC internal prototype to avoid an error.
|    Use char because int might match the return type of a GCC
|    builtin and then its argument prototype would still apply.  */
| #ifdef __cplusplus
| extern "C"
| #endif
| char _doprnt ();
| /* The GNU C library defines this for functions which it implements
|     to always fail with ENOSYS.  Some functions are actually named
|     something starting with __ and the normal name is an alias.  */
| #if defined __stub__doprnt || defined __stub____doprnt
| choke me
| #endif
| 
| int
| main ()
| {
| return _doprnt ();
|   ;
|   return 0;
| }
configure:5350: result: no
configure:5364: checking for mkdir
configure:5364: gcc -o conftest -g -O2   conftest.c -lSDL -lSDL_mixer -lgpm -lpthread -lm -ltermcap -lncursesw -lncurses -lcurses  >&5
configure:5364: $? = 0
configure:5364: result: yes
configure:5364: checking for strchr
configure:5364: gcc -o conftest -g -O2   conftest.c -lSDL -lSDL_mixer -lgpm -lpthread -lm -ltermcap -lncursesw -lncurses -lcurses  >&5
conftest.c:76:6: warning: conflicting types for built-in function 'strchr'
 char strchr ();
      ^
configure:5364: $? = 0
configure:5364: result: yes
configure:5364: checking for strrchr
configure:5364: gcc -o conftest -g -O2   conftest.c -lSDL -lSDL_mixer -lgpm -lpthread -lm -ltermcap -lncursesw -lncurses -lcurses  >&5
conftest.c:77:6: warning: conflicting types for built-in function 'strrchr'
 char strrchr ();
      ^
configure:5364: $? = 0
configure:5364: result: yes
configure:5364: checking for strspn
configure:5364: gcc -o conftest -g -O2   conftest.c -lSDL -lSDL_mixer -lgpm -lpthread -lm -ltermcap -lncursesw -lncurses -lcurses  >&5
conftest.c:78:6: warning: conflicting types for built-in function 'strspn'
 char strspn ();
      ^
configure:5364: $? = 0
configure:5364: result: yes
configure:5364: checking for strstr
configure:5364: gcc -o conftest -g -O2   conftest.c -lSDL -lSDL_mixer -lgpm -lpthread -lm -ltermcap -lncursesw -lncurses -lcurses  >&5
conftest.c:79:6: warning: conflicting types for built-in function 'strstr'
 char strstr ();
      ^
configure:5364: $? = 0
configure:5364: result: yes
configure:5364: checking for strtol
configure:5364: gcc -o conftest -g -O2   conftest.c -lSDL -lSDL_mixer -lgpm -lpthread -lm -ltermcap -lncursesw -lncurses -lcurses  >&5
configure:5364: $? = 0
configure:5364: result: yes
configure:5376: checking for getenv
configure:5376: gcc -o conftest -g -O2   conftest.c -lSDL -lSDL_mixer -lgpm -lpthread -lm -ltermcap -lncursesw -lncurses -lcurses  >&5
configure:5376: $? = 0
configure:5376: result: yes
configure:5376: checking for setenv
configure:5376: gcc -o conftest -g -O2   conftest.c -lSDL -lSDL_mixer -lgpm -lpthread -lm -ltermcap -lncursesw -lncurses -lcurses  >&5
configure:5376: $? = 0
configure:5376: result: yes
configure:5388: checking for sin
configure:5388: gcc -o conftest -g -O2   conftest.c -lSDL -lSDL_mixer -lgpm -lpthread -lm -ltermcap -lncursesw -lncurses -lcurses  >&5
conftest.c:83:6: warning: conflicting types for built-in function 'sin'
 char sin ();
      ^
configure:5388: $? = 0
configure:5388: result: yes
configure:5388: checking for cos
configure:5388: gcc -o conftest -g -O2   conftest.c -lSDL -lSDL_mixer -lgpm -lpthread -lm -ltermcap -lncursesw -lncurses -lcurses  >&5
conftest.c:84:6: warning: conflicting types for built-in function 'cos'
 char cos ();
      ^
configure:5388: $? = 0
configure:5388: result: yes
configure:5388: checking for tan
configure:5388: gcc -o conftest -g -O2   conftest.c -lSDL -lSDL_mixer -lgpm -lpthread -lm -ltermcap -lncursesw -lncurses -lcurses  >&5
conftest.c:85:6: warning: conflicting types for built-in function 'tan'
 char tan ();
      ^
configure:5388: $? = 0
configure:5388: result: yes
configure:5400: checking for getopt_long
configure:5400: gcc -o conftest -g -O2   conftest.c -lSDL -lSDL_mixer -lgpm -lpthread -lm -ltermcap -lncursesw -lncurses -lcurses  >&5
configure:5400: $? = 0
configure:5400: result: yes
configure:5400: checking for getopt
configure:5400: gcc -o conftest -g -O2   conftest.c -lSDL -lSDL_mixer -lgpm -lpthread -lm -ltermcap -lncursesw -lncurses -lcurses  >&5
configure:5400: $? = 0
configure:5400: result: yes
configure:5412: checking for sleep
configure:5412: gcc -o conftest -g -O2   conftest.c -lSDL -lSDL_mixer -lgpm -lpthread -lm -ltermcap -lncursesw -lncurses -lcurses  >&5
configure:5412: $? = 0
configure:5412: result: yes
configure:5412: checking for usleep
configure:5412: gcc -o conftest -g -O2   conftest.c -lSDL -lSDL_mixer -lgpm -lpthread -lm -ltermcap -lncursesw -lncurses -lcurses  >&5
configure:5412: $? = 0
configure:5412: result: yes
configure:5412: checking for nanosleep
configure:5412: gcc -o conftest -g -O2   conftest.c -lSDL -lSDL_mixer -lgpm -lpthread -lm -ltermcap -lncursesw -lncurses -lcurses  >&5
configure:5412: $? = 0
configure:5412: result: yes
configure:5424: checking for has_colors
configure:5424: gcc -o conftest -g -O2   conftest.c -lSDL -lSDL_mixer -lgpm -lpthread -lm -ltermcap -lncursesw -lncurses -lcurses  >&5
configure:5424: $? = 0
configure:5424: result: yes
configure:5424: checking for start_color
configure:5424: gcc -o conftest -g -O2   conftest.c -lSDL -lSDL_mixer -lgpm -lpthread -lm -ltermcap -lncursesw -lncurses -lcurses  >&5
configure:5424: $? = 0
configure:5424: result: yes
configure:5424: checking for init_pair
configure:5424: gcc -o conftest -g -O2   conftest.c -lSDL -lSDL_mixer -lgpm -lpthread -lm -ltermcap -lncursesw -lncurses -lcurses  >&5
configure:5424: $? = 0
configure:5424: result: yes
configure:5424: checking for keypad
configure:5424: gcc -o conftest -g -O2   conftest.c -lSDL -lSDL_mixer -lgpm -lpthread -lm -ltermcap -lncursesw -lncurses -lcurses  >&5
configure:5424: $? = 0
configure:5424: result: yes
configure:5436: checking for attrset
configure:5436: gcc -o conftest -g -O2   conftest.c -lSDL -lSDL_mixer -lgpm -lpthread -lm -ltermcap -lncursesw -lncurses -lcurses  >&5
configure:5436: $? = 0
configure:5436: result: yes
configure:5436: checking for attron
configure:5436: gcc -o conftest -g -O2   conftest.c -lSDL -lSDL_mixer -lgpm -lpthread -lm -ltermcap -lncursesw -lncurses -lcurses  >&5
configure:5436: $? = 0
configure:5436: result: yes
configure:5436: checking for attroff
configure:5436: gcc -o conftest -g -O2   conftest.c -lSDL -lSDL_mixer -lgpm -lpthread -lm -ltermcap -lncursesw -lncurses -lcurses  >&5
configure:5436: $? = 0
configure:5436: result: yes
configure:5436: checking for getnstr
configure:5436: gcc -o conftest -g -O2   conftest.c -lSDL -lSDL_mixer -lgpm -lpthread -lm -ltermcap -lncursesw -lncurses -lcurses  >&5
configure:5436: $? = 0
configure:5436: result: yes
configure:5448: checking for pthread_create
configure:5448: gcc -o conftest -g -O2   conftest.c -lSDL -lSDL_mixer -lgpm -lpthread -lm -ltermcap -lncursesw -lncurses -lcurses  >&5
configure:5448: $? = 0
configure:5448: result: yes
configure:5448: checking for pthread_detach
configure:5448: gcc -o conftest -g -O2   conftest.c -lSDL -lSDL_mixer -lgpm -lpthread -lm -ltermcap -lncursesw -lncurses -lcurses  >&5
configure:5448: $? = 0
configure:5448: result: yes
configure:5606: creating ./config.status

## ---------------- ##
## Cache variables. ##
## ---------------- ##

ac_cv_build=i686-pc-linux-gnu
ac_cv_c_compiler_gnu=yes
ac_cv_c_const=yes
ac_cv_cxx_compiler_gnu=yes
ac_cv_env_CCC_set=
ac_cv_env_CCC_value=
ac_cv_env_CC_set=
ac_cv_env_CC_value=
ac_cv_env_CFLAGS_set=
ac_cv_env_CFLAGS_value=
ac_cv_env_CPPFLAGS_set=
ac_cv_env_CPPFLAGS_value=
ac_cv_env_CPP_set=
ac_cv_env_CPP_value=
ac_cv_env_CXXFLAGS_set=
ac_cv_env_CXXFLAGS_value=
ac_cv_env_CXX_set=
ac_cv_env_CXX_value=
ac_cv_env_LDFLAGS_set=
ac_cv_env_LDFLAGS_value=
ac_cv_env_LIBS_set=
ac_cv_env_LIBS_value=
ac_cv_env_build_alias_set=
ac_cv_env_build_alias_value=
ac_cv_env_host_alias_set=
ac_cv_env_host_alias_value=
ac_cv_env_target_alias_set=
ac_cv_env_target_alias_value=
ac_cv_func__doprnt=no
ac_cv_func_attroff=yes
ac_cv_func_attron=yes
ac_cv_func_attrset=yes
ac_cv_func_cos=yes
ac_cv_func_getenv=yes
ac_cv_func_getnstr=yes
ac_cv_func_getopt=yes
ac_cv_func_getopt_long=yes
ac_cv_func_has_colors=yes
ac_cv_func_init_pair=yes
ac_cv_func_keypad=yes
ac_cv_func_mkdir=yes
ac_cv_func_nanosleep=yes
ac_cv_func_pthread_create=yes
ac_cv_func_pthread_detach=yes
ac_cv_func_setenv=yes
ac_cv_func_sin=yes
ac_cv_func_sleep=yes
ac_cv_func_start_color=yes
ac_cv_func_strchr=yes
ac_cv_func_strrchr=yes
ac_cv_func_strspn=yes
ac_cv_func_strstr=yes
ac_cv_func_strtol=yes
ac_cv_func_tan=yes
ac_cv_func_usleep=yes
ac_cv_func_vprintf=yes
ac_cv_header_SDL_SDL_h=yes
ac_cv_header_SDL_SDL_mixer_h=yes
ac_cv_header_ctype_h=yes
ac_cv_header_curses_h=yes
ac_cv_header_getopt_h=yes
ac_cv_header_gpm_h=yes
ac_cv_header_inttypes_h=yes
ac_cv_header_limits_h=yes
ac_cv_header_locale_h=yes
ac_cv_header_math_h=yes
ac_cv_header_memory_h=yes
ac_cv_header_ncurses_h=yes
ac_cv_header_ncursesw_h=no
ac_cv_header_stdarg_h=yes
ac_cv_header_stdc=yes
ac_cv_header_stddef_h=yes
ac_cv_header_stdint_h=yes
ac_cv_header_stdio_h=yes
ac_cv_header_stdlib_h=yes
ac_cv_header_string_h=yes
ac_cv_header_strings_h=yes
ac_cv_header_sys_fcntl_h=yes
ac_cv_header_sys_stat_h=yes
ac_cv_header_sys_types_h=yes
ac_cv_header_termio_h=yes
ac_cv_header_termios_h=yes
ac_cv_header_time_h=yes
ac_cv_header_unistd_h=yes
ac_cv_host=i686-pc-linux-gnu
ac_cv_lib_SDL_SDL_JoystickOpen=yes
ac_cv_lib_SDL_mixer_Mix_PlayMusic=yes
ac_cv_lib_curses_initscr=yes
ac_cv_lib_gpm_Gpm_Open=yes
ac_cv_lib_m_sin=yes
ac_cv_lib_ncurses_initscr=yes
ac_cv_lib_ncursesw_initscr=yes
ac_cv_lib_pthread_pthread_create=yes
ac_cv_lib_termcap_tcgetattr=yes
ac_cv_objext=o
ac_cv_path_EGREP='/bin/grep -E'
ac_cv_path_GREP=/bin/grep
ac_cv_path_install='/usr/bin/install -c'
ac_cv_path_mkdir=/bin/mkdir
ac_cv_prog_AWK=gawk
ac_cv_prog_CPP='gcc -E'
ac_cv_prog_ac_ct_CC=gcc
ac_cv_prog_ac_ct_CXX=g++
ac_cv_prog_cc_c89=
ac_cv_prog_cc_g=yes
ac_cv_prog_cxx_g=yes
ac_cv_prog_gcc_traditional=no
ac_cv_prog_make_make_set=yes
ac_cv_type_mode_t=yes
ac_cv_type_size_t=yes
am_cv_CC_dependencies_compiler_type=gcc3
am_cv_CXX_dependencies_compiler_type=gcc3

## ----------------- ##
## Output variables. ##
## ----------------- ##

ACLOCAL='${SHELL} /home/dud/src/alnl/xalnl/config/missing --run aclocal-1.11'
AMDEPBACKSLASH='\'
AMDEP_FALSE='#'
AMDEP_TRUE=''
AMTAR='$${TAR-tar}'
AUTOCONF='${SHELL} /home/dud/src/alnl/xalnl/config/missing --run autoconf'
AUTOHEADER='${SHELL} /home/dud/src/alnl/xalnl/config/missing --run autoheader'
AUTOMAKE='${SHELL} /home/dud/src/alnl/xalnl/config/missing --run automake-1.11'
AWK='gawk'
CC='gcc'
CCDEPMODE='depmode=gcc3'
CFLAGS='-g -O2'
CHK_DEBUG_FALSE=''
CHK_DEBUG_TRUE='#'
CHK_DEF_CLK_TCK_FALSE='#'
CHK_DEF_CLK_TCK_TRUE=''
CPP='gcc -E'
CPPFLAGS=''
CXX='g++'
CXXDEPMODE='depmode=gcc3'
CXXFLAGS='-g -O2'
CYGPATH_W='echo'
DEFS='-DHAVE_CONFIG_H'
DEPDIR='.deps'
ECHO_C=''
ECHO_N='-n'
ECHO_T=''
EGREP='/bin/grep -E'
EXEEXT=''
GREP='/bin/grep'
INSTALL_DATA='${INSTALL} -m 644'
INSTALL_PROGRAM='${INSTALL}'
INSTALL_SCRIPT='${INSTALL}'
INSTALL_STRIP_PROGRAM='$(install_sh) -c -s'
LDFLAGS=''
LIBOBJS=''
LIBS='-lSDL -lSDL_mixer -lgpm -lpthread -lm -ltermcap -lncursesw -lncurses -lcurses '
LN_S='ln -s'
LTLIBOBJS=''
MAKEINFO='${SHELL} /home/dud/src/alnl/xalnl/config/missing --run makeinfo'
MKDIR_P='/bin/mkdir -p'
OBJEXT='o'
PACKAGE='xalnl'
PACKAGE_BUGREPORT='bowkenken@users.sourceforge.jp'
PACKAGE_NAME='xalnl'
PACKAGE_STRING='xalnl 3.4.20'
PACKAGE_TARNAME='xalnl'
PACKAGE_URL=''
PACKAGE_VERSION='3.4.20'
PATH_SEPARATOR=':'
SET_MAKE=''
SHELL='/bin/bash'
STRIP=''
VERSION='3.4.20'
ac_ct_CC='gcc'
ac_ct_CXX='g++'
am__EXEEXT_FALSE=''
am__EXEEXT_TRUE='#'
am__fastdepCC_FALSE='#'
am__fastdepCC_TRUE=''
am__fastdepCXX_FALSE='#'
am__fastdepCXX_TRUE=''
am__include='include'
am__isrc=''
am__leading_dot='.'
am__nodep='_no'
am__quote=''
am__tar='$${TAR-tar} chof - "$$tardir"'
am__untar='$${TAR-tar} xf -'
bindir='${exec_prefix}/bin'
build='i686-pc-linux-gnu'
build_alias=''
build_cpu='i686'
build_os='linux-gnu'
build_vendor='pc'
datadir='${datarootdir}'
datarootdir='${prefix}/share'
docdir='${datarootdir}/doc/${PACKAGE_TARNAME}'
dvidir='${docdir}'
exec_prefix='${prefix}'
host='i686-pc-linux-gnu'
host_alias=''
host_cpu='i686'
host_os='linux-gnu'
host_vendor='pc'
htmldir='${docdir}'
includedir='${prefix}/include'
infodir='${datarootdir}/info'
install_sh='${SHELL} /home/dud/src/alnl/xalnl/config/install-sh'
libdir='${exec_prefix}/lib'
libexecdir='${exec_prefix}/libexec'
localedir='${datarootdir}/locale'
localstatedir='${prefix}/var'
mandir='${datarootdir}/man'
mkdir_p='/bin/mkdir -p'
oldincludedir='/usr/include'
pdfdir='${docdir}'
prefix='/usr/local'
program_transform_name='s,x,x,'
psdir='${docdir}'
sbindir='${exec_prefix}/sbin'
sharedstatedir='${prefix}/com'
sysconfdir='${prefix}/etc'
target_alias=''

## ----------- ##
## confdefs.h. ##
## ----------- ##

/* confdefs.h */
#define PACKAGE_NAME "xalnl"
#define PACKAGE_TARNAME "xalnl"
#define PACKAGE_VERSION "3.4.20"
#define PACKAGE_STRING "xalnl 3.4.20"
#define PACKAGE_BUGREPORT "bowkenken@users.sourceforge.jp"
#define PACKAGE_URL ""
#define PACKAGE "xalnl"
#define VERSION "3.4.20"
#define HAVE_LIBCURSES 1
#define HAVE_LIBNCURSES 1
#define HAVE_LIBNCURSESW 1
#define HAVE_LIBTERMCAP 1
#define HAVE_LIBM 1
#define HAVE_LIBPTHREAD 1
#define HAVE_LIBGPM 1
#define HAVE_LIBSDL_MIXER 1
#define HAVE_LIBSDL 1
#define STDC_HEADERS 1
#define HAVE_SYS_TYPES_H 1
#define HAVE_SYS_STAT_H 1
#define HAVE_STDLIB_H 1
#define HAVE_STRING_H 1
#define HAVE_MEMORY_H 1
#define HAVE_STRINGS_H 1
#define HAVE_INTTYPES_H 1
#define HAVE_STDINT_H 1
#define HAVE_UNISTD_H 1
#define HAVE_LOCALE_H 1
#define HAVE_CURSES_H 1
#define HAVE_NCURSES_H 1
#define HAVE_STDLIB_H 1
#define HAVE_STDDEF_H 1
#define HAVE_STDIO_H 1
#define HAVE_STDARG_H 1
#define HAVE_LIMITS_H 1
#define HAVE_STRING_H 1
#define HAVE_CTYPE_H 1
#define HAVE_TIME_H 1
#define HAVE_MATH_H 1
#define HAVE_SYS_STAT_H 1
#define HAVE_TERMIO_H 1
#define HAVE_TERMIOS_H 1
#define HAVE_UNISTD_H 1
#define HAVE_SYS_FCNTL_H 1
#define HAVE_GETOPT_H 1
#define HAVE_GPM_H 1
#define HAVE_SDL_SDL_H 1
#define HAVE_SDL_SDL_MIXER_H 1
#define HAVE_VPRINTF 1
#define HAVE_MKDIR 1
#define HAVE_STRCHR 1
#define HAVE_STRRCHR 1
#define HAVE_STRSPN 1
#define HAVE_STRSTR 1
#define HAVE_STRTOL 1
#define HAVE_GETENV 1
#define HAVE_SETENV 1
#define HAVE_SIN 1
#define HAVE_COS 1
#define HAVE_TAN 1
#define HAVE_GETOPT_LONG 1
#define HAVE_GETOPT 1
#define HAVE_SLEEP 1
#define HAVE_USLEEP 1
#define HAVE_NANOSLEEP 1
#define HAVE_HAS_COLORS 1
#define HAVE_START_COLOR 1
#define HAVE_INIT_PAIR 1
#define HAVE_KEYPAD 1
#define HAVE_ATTRSET 1
#define HAVE_ATTRON 1
#define HAVE_ATTROFF 1
#define HAVE_GETNSTR 1
#define HAVE_PTHREAD_CREATE 1
#define HAVE_PTHREAD_DETACH 1

configure: exit 0

## ---------------------- ##
## Running config.status. ##
## ---------------------- ##

This file was extended by xalnl config.status 3.4.20, which was
generated by GNU Autoconf 2.69.  Invocation command line was

  CONFIG_FILES    = 
  CONFIG_HEADERS  = 
  CONFIG_LINKS    = 
  CONFIG_COMMANDS = 
  $ ./config.status 

on localhost

config.status:926: creating Makefile
config.status:926: creating man/Makefile
config.status:926: creating src/Makefile
config.status:926: creating src/config.h
config.status:1107: src/config.h is unchanged
config.status:1155: executing depfiles commands

## ---------------------- ##
## Running config.status. ##
## ---------------------- ##

This file was extended by xalnl config.status 3.4.20, which was
generated by GNU Autoconf 2.69.  Invocation command line was

  CONFIG_FILES    = 
  CONFIG_HEADERS  = 
  CONFIG_LINKS    = 
  CONFIG_COMMANDS = 
  $ ./config.status src/config.h

on localhost

config.status:926: creating src/config.h
config.status:1107: src/config.h is unchanged
